[2020-08-07 18:28:41]--[src/cgi/cgi_login.c:258]--len = 0, No data from standard input
[2020-08-07 18:51:44]--[src/cgi/cgi_login.c:270]--buf = {"username":"123"}
[2020-08-07 18:51:44]--[src/cgi/cgi_login.c:47]--cJSON_GetObjectItem err
[2020-08-07 18:51:44]--[src/cgi/cgi_login.c:277]--user = , pwd = 
[2020-08-07 18:51:44]--[src/cgi/cgi_login.c:100]--mysql_user = root, mysql_pwd = root, mysql_db = disk
[2020-08-07 18:51:46]--[src/cgi/cgi_login.c:156]--redis:[ip=127.0.0.1,port=6379]
[2020-08-07 18:51:46]--[src/cgi/cgi_login.c:179]--tmp = 973576971710
[2020-08-07 18:51:46]--[src/cgi/cgi_login.c:196]--base64 = AAAAAA5UsokIJsvXCiPEPA==
[2020-08-07 18:51:46]--[src/cgi/cgi_login.c:286]--token = c8329c985f9737fcbdc6e8fe31421b00
[2020-08-07 18:56:17]--[src/cgi/cgi_login.c:270]--buf = {"username":"123"}
[2020-08-07 18:56:17]--[src/cgi/cgi_login.c:47]--cJSON_GetObjectItem err
[2020-08-07 18:56:17]--[src/cgi/cgi_login.c:277]--user = , pwd = 
[2020-08-07 18:56:17]--[src/cgi/cgi_login.c:100]--mysql_user = root, mysql_pwd = root, mysql_db = disk
[2020-08-07 18:56:17]--[src/cgi/cgi_login.c:156]--redis:[ip=127.0.0.1,port=6379]
[2020-08-07 18:56:17]--[src/cgi/cgi_login.c:179]--tmp = 93269763624
[2020-08-07 18:56:17]--[src/cgi/cgi_login.c:196]--base64 = AAAAADkEIXvkLqxvVBtPCw==
[2020-08-07 18:56:17]--[src/cgi/cgi_login.c:286]--token = efdde6b1c213305b1a9781090c4184b2
[2020-08-07 19:06:09]--[src/cgi/cgi_login.c:270]--buf = {"username":"123"}
[2020-08-07 19:06:09]--[src/cgi/cgi_login.c:47]--cJSON_GetObjectItem err
[2020-08-07 19:06:09]--[src/cgi/cgi_login.c:277]--user = , pwd = 
[2020-08-07 19:06:09]--[src/cgi/cgi_login.c:100]--mysql_user = root, mysql_pwd = root, mysql_db = disk
[2020-08-07 19:06:10]--[src/cgi/cgi_login.c:156]--redis:[ip=127.0.0.1,port=6379]
[2020-08-07 19:06:10]--[src/cgi/cgi_login.c:179]--tmp = 751782276722
[2020-08-07 19:06:10]--[src/cgi/cgi_login.c:196]--base64 = AAAAAAqC40c4ku8/YYCGvA==
[2020-08-07 19:06:10]--[src/cgi/cgi_login.c:286]--token = 09f9588d5e68a73bd65b039ba0c20619
