[2020-08-09 01:18:15]--[src/cgi/cgi_login.c:270]--buf = {"username":"123"}
[2020-08-09 01:18:15]--[src/cgi/cgi_login.c:47]--cJSON_GetObjectItem err
[2020-08-09 01:18:15]--[src/cgi/cgi_login.c:277]--user = , pwd = 
[2020-08-09 01:18:15]--[src/cgi/cgi_login.c:100]--mysql_user = root, mysql_pwd = root, mysql_db = disk
[2020-08-09 01:18:15]--[src/cgi/cgi_login.c:156]--redis:[ip=127.0.0.1,port=6379]
[2020-08-09 01:18:15]--[src/cgi/cgi_login.c:179]--tmp = 743808282623
[2020-08-09 01:18:15]--[src/cgi/cgi_login.c:196]--base64 = AAAAAFybX/0QxSLKfdahVg==
[2020-08-09 01:18:16]--[src/cgi/cgi_login.c:286]--token = d2f5789be32eb5ddee1c0c5c3364567d
[2020-08-09 01:29:16]--[src/cgi/cgi_login.c:222]--buf = {"username":"123"}
[2020-08-09 01:29:16]--[src/cgi/cgi_login.c:36]--cJSON_GetObjectItem err
[2020-08-09 01:29:16]--[src/cgi/cgi_login.c:228]--user = , pwd = 
[2020-08-09 01:29:16]--[src/cgi/cgi_login.c:77]--mysql_user = root, mysql_pwd = root, mysql_db = disk
[2020-08-09 01:30:16]--[src/cgi/cgi_login.c:211]--len = 0, No data from standard input
[2020-08-09 01:30:19]--[src/cgi/cgi_login.c:211]--len = 0, No data from standard input
[2020-08-09 01:30:28]--[src/cgi/cgi_login.c:222]--buf = {"username":"123"}
[2020-08-09 01:30:28]--[src/cgi/cgi_login.c:36]--cJSON_GetObjectItem err
[2020-08-09 01:30:28]--[src/cgi/cgi_login.c:228]--user = , pwd = 
[2020-08-09 01:30:28]--[src/cgi/cgi_login.c:77]--mysql_user = root, mysql_pwd = root, mysql_db = disk
[2020-08-09 01:31:39]--[src/cgi/cgi_login.c:211]--len = 0, No data from standard input
[2020-08-09 01:31:47]--[src/cgi/cgi_login.c:222]--buf = {"username":"123"}
[2020-08-09 01:31:47]--[src/cgi/cgi_login.c:36]--cJSON_GetObjectItem err
[2020-08-09 01:31:47]--[src/cgi/cgi_login.c:228]--user = , pwd = 
[2020-08-09 01:31:47]--[src/cgi/cgi_login.c:77]--mysql_user = root, mysql_pwd = root, mysql_db = disk
[2020-08-09 01:35:11]--[src/cgi/cgi_login.c:211]--len = 0, No data from standard input
[2020-08-09 01:35:21]--[src/cgi/cgi_login.c:222]--buf = {"username":"123","password":"123"}
[2020-08-09 01:35:21]--[src/cgi/cgi_login.c:36]--cJSON_GetObjectItem err
[2020-08-09 01:35:21]--[src/cgi/cgi_login.c:228]--user = , pwd = 
[2020-08-09 01:35:21]--[src/cgi/cgi_login.c:77]--mysql_user = root, mysql_pwd = root, mysql_db = disk
[2020-08-09 01:38:24]--[src/cgi/cgi_login.c:211]--len = 0, No data from standard input
[2020-08-09 01:38:32]--[src/cgi/cgi_login.c:222]--buf = {"username":"123","pwd":"123"}
[2020-08-09 01:38:32]--[src/cgi/cgi_login.c:36]--cJSON_GetObjectItem err
[2020-08-09 01:38:32]--[src/cgi/cgi_login.c:228]--user = , pwd = 
[2020-08-09 01:38:32]--[src/cgi/cgi_login.c:77]--mysql_user = root, mysql_pwd = root, mysql_db = disk
[2020-08-09 01:39:56]--[src/cgi/cgi_login.c:222]--buf = {"user":"123","pwd":"123"}
[2020-08-09 01:39:56]--[src/cgi/cgi_login.c:228]--user = 123, pwd = 123
[2020-08-09 01:39:56]--[src/cgi/cgi_login.c:77]--mysql_user = root, mysql_pwd = root, mysql_db = disk
[2020-08-09 01:39:56]--[src/cgi/cgi_login.c:116]--redis:[ip=127.0.0.1,port=6379]
[2020-08-09 01:39:56]--[src/cgi/cgi_login.c:136]--tmp = 123730370420116
[2020-08-09 01:39:56]--[src/cgi/cgi_login.c:152]--base64 = AAAAABldEcyegUIrqlVqcQ==
[2020-08-09 01:39:56]--[src/cgi/cgi_login.c:235]--token = ca9c0fee0d38c3b8361f1ee1669b20ca
[2020-08-09 14:09:33]--[src/cgi/cgi_login.c:211]--len = 0, No data from standard input
[2020-08-09 14:09:39]--[src/cgi/cgi_login.c:211]--len = 0, No data from standard input
[2020-08-09 14:09:51]--[src/cgi/cgi_login.c:211]--len = 0, No data from standard input
[2020-08-09 14:12:03]--[src/cgi/cgi_login.c:211]--len = 0, No data from standard input
[2020-08-09 14:12:05]--[src/cgi/cgi_login.c:211]--len = 0, No data from standard input
[2020-08-09 14:12:06]--[src/cgi/cgi_login.c:211]--len = 0, No data from standard input
[2020-08-09 14:12:06]--[src/cgi/cgi_login.c:211]--len = 0, No data from standard input
[2020-08-09 14:12:27]--[src/cgi/cgi_login.c:211]--len = 0, No data from standard input
[2020-08-09 14:12:28]--[src/cgi/cgi_login.c:211]--len = 0, No data from standard input
[2020-08-09 14:12:33]--[src/cgi/cgi_login.c:211]--len = 0, No data from standard input
[2020-08-09 14:59:27]--[src/cgi/cgi_login.c:211]--len = 0, No data from standard input
[2020-08-09 20:49:05]--[src/cgi/cgi_login.c:211]--len = 0, No data from standard input
[2020-08-09 20:49:16]--[src/cgi/cgi_login.c:222]--buf = {"user":"123","pwd":"123"}
[2020-08-09 20:49:16]--[src/cgi/cgi_login.c:228]--user = 123, pwd = 123
[2020-08-09 20:49:16]--[src/cgi/cgi_login.c:77]--mysql_user = root, mysql_pwd = root, mysql_db = disk
[2020-08-09 20:49:16]--[src/cgi/cgi_login.c:116]--redis:[ip=127.0.0.1,port=6379]
[2020-08-09 20:49:16]--[src/cgi/cgi_login.c:136]--tmp = 12395060650861
[2020-08-09 20:49:16]--[src/cgi/cgi_login.c:152]--base64 = AAAAACIvIgBIBZOuKu4N/A==
[2020-08-09 20:49:16]--[src/cgi/cgi_login.c:235]--token = 9d225139cf055af90abf148994f9383e
[2020-08-09 21:30:46]--[src/cgi/cgi_login.c:222]--buf = {"user":"123","pwd":"123"}
[2020-08-09 21:30:46]--[src/cgi/cgi_login.c:228]--user = 123, pwd = 123
[2020-08-09 21:30:46]--[src/cgi/cgi_login.c:77]--mysql_user = root, mysql_pwd = root, mysql_db = disk
[2020-08-09 21:30:46]--[src/cgi/cgi_login.c:116]--redis:[ip=127.0.0.1,port=6379]
[2020-08-09 21:30:46]--[src/cgi/cgi_login.c:136]--tmp = 123515162739783
[2020-08-09 21:30:46]--[src/cgi/cgi_login.c:152]--base64 = AAAAAP6JHMM86jpYl6bibg==
[2020-08-09 21:30:46]--[src/cgi/cgi_login.c:235]--token = 5797fd57d6524af964e9a5e0c7646e2d
[2020-08-09 21:59:45]--[src/cgi/cgi_login.c:222]--buf = {"user":"111","pwd":"111"}
[2020-08-09 21:59:45]--[src/cgi/cgi_login.c:228]--user = 111, pwd = 111
[2020-08-09 21:59:45]--[src/cgi/cgi_login.c:77]--mysql_user = root, mysql_pwd = root, mysql_db = disk
[2020-08-09 21:59:45]--[src/cgi/cgi_login.c:116]--redis:[ip=127.0.0.1,port=6379]
[2020-08-09 21:59:45]--[src/cgi/cgi_login.c:136]--tmp = 111943809106817
[2020-08-09 21:59:45]--[src/cgi/cgi_login.c:152]--base64 = AAAAAM3N8mTRlpjwRVsMPw==
[2020-08-09 21:59:45]--[src/cgi/cgi_login.c:235]--token = aededdba65dcb3400622a924a3ff4521
[2020-08-09 22:36:40]--[src/cgi/cgi_login.c:222]--buf = {"user":"123","pwd":"123"}
[2020-08-09 22:36:40]--[src/cgi/cgi_login.c:228]--user = 123, pwd = 123
[2020-08-09 22:36:40]--[src/cgi/cgi_login.c:77]--mysql_user = root, mysql_pwd = root, mysql_db = disk
[2020-08-09 22:36:40]--[src/cgi/cgi_login.c:116]--redis:[ip=127.0.0.1,port=6379]
[2020-08-09 22:36:40]--[src/cgi/cgi_login.c:136]--tmp = 123991917133885
[2020-08-09 22:36:40]--[src/cgi/cgi_login.c:152]--base64 = AAAAAEu/21b5+V8O1+RbOg==
[2020-08-09 22:36:40]--[src/cgi/cgi_login.c:235]--token = d1a0f80c896439a9df3fa087ab9ac1a9
