[2020-08-09 01:28:21]--[src/cgi/cgi_md5.c:31]--mysql:[user=root,pwd=root,database=disk][2020-08-09 01:29:03]--[src/cgi/cgi_md5.c:31]--mysql:[user=root,pwd=root,database=disk][2020-08-09 01:40:18]--[src/cgi/cgi_md5.c:275]--buf = {"user":"123","token":"ca9c0fee0d38c3b8361f1ee1669b20ca"}
[2020-08-09 01:40:18]--[src/cgi/cgi_md5.c:74]--cJSON_GetObjectItem err
[2020-08-09 01:40:18]--[src/cgi/cgi_md5.c:290]--get_md5_info() err
[2020-08-09 22:09:14]--[src/cgi/cgi_md5.c:275]--buf = {"user":"111","filename":"2020-08-04_19-06.png","md5":"2020-08-04_19-06.png"}
[2020-08-09 22:09:14]--[src/cgi/cgi_md5.c:92]--cJSON_GetObjectItem err
[2020-08-09 22:09:14]--[src/cgi/cgi_md5.c:290]--get_md5_info() err
[2020-08-09 22:09:16]--[src/cgi/cgi_md5.c:275]--buf = {"user":"111","filename":"2020-08-04_19-06.png","md5":"2020-08-04_19-06.png"}
[2020-08-09 22:09:16]--[src/cgi/cgi_md5.c:92]--cJSON_GetObjectItem err
[2020-08-09 22:09:16]--[src/cgi/cgi_md5.c:290]--get_md5_info() err
[2020-08-09 22:17:06]--[src/cgi/cgi_md5.c:275]--buf = {"user":"111","token":"aededdba65dcb3400622a924a3ff4521","filename":"2020-08-04_19-06.png","md5":"ed9920aacb64a5ee3e7d05843d543e13"}
[2020-08-09 22:17:06]--[src/cgi/cgi_md5.c:296]--user = 111, token = aededdba65dcb3400622a924a3ff4521, md5 = ed9920aacb64a5ee3e7d05843d543e13, filename = 2020-08-04_19-06.png
[2020-08-09 22:17:09]--[src/cgi/cgi_md5.c:275]--buf = {"user":"111","token":"aededdba65dcb3400622a924a3ff4521","filename":"2020-08-04_19-06.png","md5":"ed9920aacb64a5ee3e7d05843d543e13"}
[2020-08-09 22:17:09]--[src/cgi/cgi_md5.c:296]--user = 111, token = aededdba65dcb3400622a924a3ff4521, md5 = ed9920aacb64a5ee3e7d05843d543e13, filename = 2020-08-04_19-06.png
[2020-08-09 22:17:09]--[src/cgi/cgi_md5.c:151]--111[filename:2020-08-04_19-06.png, md5:ed9920aacb64a5ee3e7d05843d543e13] has existed
[2020-08-09 22:26:30]--[src/cgi/cgi_md5.c:275]--buf = {"user":"111","token":"aededdba65dcb3400622a924a3ff4521","filename":"aspencharge.png","md5":"a001914f96c168fde7748fa449c8af8f"}
[2020-08-09 22:26:30]--[src/cgi/cgi_md5.c:296]--user = 111, token = aededdba65dcb3400622a924a3ff4521, md5 = a001914f96c168fde7748fa449c8af8f, filename = aspencharge.png
[2020-08-09 22:26:32]--[src/cgi/cgi_md5.c:275]--buf = {"user":"111","token":"aededdba65dcb3400622a924a3ff4521","filename":"aspencharge.png","md5":"a001914f96c168fde7748fa449c8af8f"}
[2020-08-09 22:26:32]--[src/cgi/cgi_md5.c:296]--user = 111, token = aededdba65dcb3400622a924a3ff4521, md5 = a001914f96c168fde7748fa449c8af8f, filename = aspencharge.png
[2020-08-09 22:26:32]--[src/cgi/cgi_md5.c:151]--111[filename:aspencharge.png, md5:a001914f96c168fde7748fa449c8af8f] has existed
[2020-08-09 22:31:30]--[src/cgi/cgi_md5.c:275]--buf = {"user":"111","token":"aededdba65dcb3400622a924a3ff4521","filename":"checkpoint.png","md5":"f8e622ed7d7888fe3f349c2ed9c2d68d"}
[2020-08-09 22:31:30]--[src/cgi/cgi_md5.c:296]--user = 111, token = aededdba65dcb3400622a924a3ff4521, md5 = f8e622ed7d7888fe3f349c2ed9c2d68d, filename = checkpoint.png
[2020-08-09 22:31:33]--[src/cgi/cgi_md5.c:275]--buf = {"user":"111","token":"aededdba65dcb3400622a924a3ff4521","filename":"checkpoint.png","md5":"f8e622ed7d7888fe3f349c2ed9c2d68d"}
[2020-08-09 22:31:33]--[src/cgi/cgi_md5.c:296]--user = 111, token = aededdba65dcb3400622a924a3ff4521, md5 = f8e622ed7d7888fe3f349c2ed9c2d68d, filename = checkpoint.png
[2020-08-09 22:31:33]--[src/cgi/cgi_md5.c:151]--111[filename:checkpoint.png, md5:f8e622ed7d7888fe3f349c2ed9c2d68d] has existed
[2020-08-09 22:37:41]--[src/cgi/cgi_md5.c:31]--mysql:[user=root,pwd=root,database=disk][2020-08-09 22:37:52]--[src/cgi/cgi_md5.c:275]--buf = {"user":"123","token":"d1a0f80c896439a9df3fa087ab9ac1a9","filename":"checkpoint.png","md5":"f8e622ed7d7888fe3f349c2ed9c2d68d"}
[2020-08-09 22:37:52]--[src/cgi/cgi_md5.c:296]--user = 123, token = d1a0f80c896439a9df3fa087ab9ac1a9, md5 = f8e622ed7d7888fe3f349c2ed9c2d68d, filename = checkpoint.png
