[2020-08-09 01:06:52]--[src/cgi/cgi_files.c:32]--mysql:[user=root,pwd=root,database=disk][2020-08-09 01:29:03]--[src/cgi/cgi_files.c:32]--mysql:[user=root,pwd=root,database=disk][2020-08-09 01:42:42]--[src/cgi/cgi_files.c:422]--buf = {"user":"123","token":"ca9c0fee0d38c3b8361f1ee1669b20ca"}
[2020-08-09 01:42:42]--[src/cgi/cgi_files.c:149]--line = 1
[2020-08-09 01:42:42]--[src/cgi/cgi_files.c:435]--user = 123, token = ca9c0fee0d38c3b8361f1ee1669b20ca, start = 0, count = 1
[2020-08-09 01:42:43]--[src/cgi/cgi_files.c:251]--select user_file_list.*, file_info.url, file_info.size, file_info.type from file_info, user_file_list where user = '123' and file_info.md5 = user_file_list.md5 select files...
[2020-08-09 01:42:43]--[src/cgi/cgi_files.c:349]--{
	"files":	[{
			"user":	"123",
			"md5":	"ed9920aacb64a5ee3e7d05843d543e13",
			"time":	"2020-08-08 12:38:03",
			"filename":	"2020-08-04_19-06.png",
			"share_status":	0,
			"pv":	0,
			"url":	"http://192.168.56.102:8080/group1/M00/00/00/wKg4Zl8u1OmAIFy_AAI_TIG7AFM980.png",
			"size":	4547401,
			"type":	"png"
		}]
}
[2020-08-09 01:53:09]--[src/cgi/cgi_files.c:422]--buf = {"user":"123","token":"ca9c0fee0d38c3b8361f1ee1669b20ca"}
[2020-08-09 01:53:10]--[src/cgi/cgi_files.c:149]--line = 1
[2020-08-09 01:53:10]--[src/cgi/cgi_files.c:435]--user = 123, token = ca9c0fee0d38c3b8361f1ee1669b20ca, start = 0, count = 1
[2020-08-09 01:53:11]--[src/cgi/cgi_files.c:251]--select user_file_list.*, file_info.url, file_info.size, file_info.type from file_info, user_file_list where user = '123' and file_info.md5 = user_file_list.md5 select files...
[2020-08-09 01:53:11]--[src/cgi/cgi_files.c:349]--{
	"files":	[{
			"user":	"123",
			"md5":	"ed9920aacb64a5ee3e7d05843d543e13",
			"time":	"2020-08-08 12:38:03",
			"filename":	"2020-08-04_19-06.png",
			"share_status":	0,
			"pv":	0,
			"url":	"http://192.168.56.102:8080/group1/M00/00/00/wKg4Zl8u1OmAIFy_AAI_TIG7AFM980.png",
			"size":	4547401,
			"type":	"png"
		}]
}
[2020-08-09 10:49:08]--[src/cgi/cgi_files.c:422]--buf = {"user":"123","token":"ca9c0fee0d38c3b8361f1ee1669b20ca"}
[2020-08-09 10:49:08]--[src/cgi/cgi_files.c:149]--line = 1
[2020-08-09 10:49:08]--[src/cgi/cgi_files.c:435]--user = 123, token = ca9c0fee0d38c3b8361f1ee1669b20ca, start = 0, count = 1
[2020-08-09 10:49:08]--[src/cgi/cgi_files.c:251]--select user_file_list.*, file_info.url, file_info.size, file_info.type from file_info, user_file_list where user = '123' and file_info.md5 = user_file_list.md5 select files...
[2020-08-09 10:49:08]--[src/cgi/cgi_files.c:349]--{
	"files":	[{
			"user":	"123",
			"md5":	"ed9920aacb64a5ee3e7d05843d543e13",
			"time":	"2020-08-08 12:38:03",
			"filename":	"2020-08-04_19-06.png",
			"share_status":	0,
			"pv":	0,
			"url":	"http://192.168.56.102:8080/group1/M00/00/00/wKg4Zl8u1OmAIFy_AAI_TIG7AFM980.png",
			"size":	4547401,
			"type":	"png"
		}]
}
[2020-08-09 10:53:58]--[src/cgi/cgi_files.c:422]--buf = {"user":"123","token":"ca9c0fee0d38c3b8361f1ee1669b20ca"}
[2020-08-09 10:53:58]--[src/cgi/cgi_files.c:149]--line = 1
[2020-08-09 10:53:58]--[src/cgi/cgi_files.c:435]--user = 123, token = ca9c0fee0d38c3b8361f1ee1669b20ca, start = 0, count = 1
[2020-08-09 10:53:58]--[src/cgi/cgi_files.c:251]--select user_file_list.*, file_info.url, file_info.size, file_info.type from file_info, user_file_list where user = '123' and file_info.md5 = user_file_list.md5 select files...
[2020-08-09 10:53:58]--[src/cgi/cgi_files.c:349]--{
	"files":	[{
			"user":	"123",
			"md5":	"ed9920aacb64a5ee3e7d05843d543e13",
			"time":	"2020-08-08 12:38:03",
			"filename":	"2020-08-04_19-06.png",
			"share_status":	0,
			"pv":	0,
			"url":	"http://192.168.56.102:8080/group1/M00/00/00/wKg4Zl8u1OmAIFy_AAI_TIG7AFM980.png",
			"size":	4547401,
			"type":	"png"
		}]
}
[2020-08-09 10:55:15]--[src/cgi/cgi_files.c:422]--buf = {"user":"123","token":"ca9c0fee0d38c3b8361f1ee1669b20ca"}
[2020-08-09 10:55:15]--[src/cgi/cgi_files.c:149]--line = 1
[2020-08-09 10:55:15]--[src/cgi/cgi_files.c:435]--user = 123, token = ca9c0fee0d38c3b8361f1ee1669b20ca, start = 0, count = 1
[2020-08-09 10:55:15]--[src/cgi/cgi_files.c:251]--select user_file_list.*, file_info.url, file_info.size, file_info.type from file_info, user_file_list where user = '123' and file_info.md5 = user_file_list.md5 select files...
[2020-08-09 10:55:15]--[src/cgi/cgi_files.c:349]--{
	"files":	[{
			"user":	"123",
			"md5":	"ed9920aacb64a5ee3e7d05843d543e13",
			"time":	"2020-08-08 12:38:03",
			"filename":	"2020-08-04_19-06.png",
			"share_status":	0,
			"pv":	0,
			"url":	"http://192.168.56.102:8080/group1/M00/00/00/wKg4Zl8u1OmAIFy_AAI_TIG7AFM980.png",
			"size":	4547401,
			"type":	"png"
		}]
}
[2020-08-09 10:56:18]--[src/cgi/cgi_files.c:422]--buf = {"user":"123","token":"ca9c0fee0d38c3b8361f1ee1669b20ca"}
[2020-08-09 10:56:18]--[src/cgi/cgi_files.c:149]--line = 1
[2020-08-09 10:56:18]--[src/cgi/cgi_files.c:435]--user = 123, token = ca9c0fee0d38c3b8361f1ee1669b20ca, start = 0, count = 1
[2020-08-09 10:56:18]--[src/cgi/cgi_files.c:251]--select user_file_list.*, file_info.url, file_info.size, file_info.type from file_info, user_file_list where user = '123' and file_info.md5 = user_file_list.md5 select files...
[2020-08-09 10:56:18]--[src/cgi/cgi_files.c:349]--{
	"files":	[{
			"user":	"123",
			"md5":	"ed9920aacb64a5ee3e7d05843d543e13",
			"time":	"2020-08-08 12:38:03",
			"filename":	"2020-08-04_19-06.png",
			"share_status":	0,
			"pv":	0,
			"url":	"http://192.168.56.102:8080/group1/M00/00/00/wKg4Zl8u1OmAIFy_AAI_TIG7AFM980.png",
			"size":	4547401,
			"type":	"png"
		}]
}
[2020-08-09 10:59:53]--[src/cgi/cgi_files.c:422]--buf = {"user":"123","token":"ca9c0fee0d38c3b8361f1ee1669b20ca"}
[2020-08-09 10:59:53]--[src/cgi/cgi_files.c:149]--line = 1
[2020-08-09 10:59:53]--[src/cgi/cgi_files.c:435]--user = 123, token = ca9c0fee0d38c3b8361f1ee1669b20ca, start = 0, count = 1
[2020-08-09 10:59:53]--[src/cgi/cgi_files.c:251]--select user_file_list.*, file_info.url, file_info.size, file_info.type from file_info, user_file_list where user = '123' and file_info.md5 = user_file_list.md5 select files...
[2020-08-09 10:59:53]--[src/cgi/cgi_files.c:349]--{
	"files":	[{
			"user":	"123",
			"md5":	"ed9920aacb64a5ee3e7d05843d543e13",
			"time":	"2020-08-08 12:38:03",
			"filename":	"2020-08-04_19-06.png",
			"share_status":	0,
			"pv":	0,
			"url":	"http://192.168.56.102:8080/group1/M00/00/00/wKg4Zl8u1OmAIFy_AAI_TIG7AFM980.png",
			"size":	4547401,
			"type":	"png"
		}]
}
[2020-08-09 11:03:18]--[src/cgi/cgi_files.c:422]--buf = {"user":"123","token":"ca9c0fee0d38c3b8361f1ee1669b20ca"}
[2020-08-09 11:03:18]--[src/cgi/cgi_files.c:149]--line = 1
[2020-08-09 11:03:18]--[src/cgi/cgi_files.c:435]--user = 123, token = ca9c0fee0d38c3b8361f1ee1669b20ca, start = 0, count = 1
[2020-08-09 11:03:18]--[src/cgi/cgi_files.c:251]--select user_file_list.*, file_info.url, file_info.size, file_info.type from file_info, user_file_list where user = '123' and file_info.md5 = user_file_list.md5 select files...
[2020-08-09 11:03:18]--[src/cgi/cgi_files.c:349]--{
	"files":	[{
			"user":	"123",
			"md5":	"ed9920aacb64a5ee3e7d05843d543e13",
			"time":	"2020-08-08 12:38:03",
			"filename":	"2020-08-04_19-06.png",
			"share_status":	0,
			"pv":	0,
			"url":	"http://192.168.56.102:8080/group1/M00/00/00/wKg4Zl8u1OmAIFy_AAI_TIG7AFM980.png",
			"size":	4547401,
			"type":	"png"
		}]
}
[2020-08-09 11:03:24]--[src/cgi/cgi_files.c:422]--buf = {"user":"123","token":"ca9c0fee0d38c3b8361f1ee1669b20ca"}
[2020-08-09 11:03:24]--[src/cgi/cgi_files.c:149]--line = 1
[2020-08-09 11:03:24]--[src/cgi/cgi_files.c:435]--user = 123, token = ca9c0fee0d38c3b8361f1ee1669b20ca, start = 0, count = 1
[2020-08-09 11:03:24]--[src/cgi/cgi_files.c:251]--select user_file_list.*, file_info.url, file_info.size, file_info.type from file_info, user_file_list where user = '123' and file_info.md5 = user_file_list.md5 select files...
[2020-08-09 11:03:24]--[src/cgi/cgi_files.c:349]--{
	"files":	[{
			"user":	"123",
			"md5":	"ed9920aacb64a5ee3e7d05843d543e13",
			"time":	"2020-08-08 12:38:03",
			"filename":	"2020-08-04_19-06.png",
			"share_status":	0,
			"pv":	0,
			"url":	"http://192.168.56.102:8080/group1/M00/00/00/wKg4Zl8u1OmAIFy_AAI_TIG7AFM980.png",
			"size":	4547401,
			"type":	"png"
		}]
}
[2020-08-09 11:03:30]--[src/cgi/cgi_files.c:422]--buf = {"user":"123","token":"ca9c0fee0d38c3b8361f1ee1669b20ca"}
[2020-08-09 11:03:31]--[src/cgi/cgi_files.c:149]--line = 1
[2020-08-09 11:03:31]--[src/cgi/cgi_files.c:435]--user = 123, token = ca9c0fee0d38c3b8361f1ee1669b20ca, start = 0, count = 1
[2020-08-09 11:03:31]--[src/cgi/cgi_files.c:251]--select user_file_list.*, file_info.url, file_info.size, file_info.type from file_info, user_file_list where user = '123' and file_info.md5 = user_file_list.md5 select files...
[2020-08-09 11:03:31]--[src/cgi/cgi_files.c:349]--{
	"files":	[{
			"user":	"123",
			"md5":	"ed9920aacb64a5ee3e7d05843d543e13",
			"time":	"2020-08-08 12:38:03",
			"filename":	"2020-08-04_19-06.png",
			"share_status":	0,
			"pv":	0,
			"url":	"http://192.168.56.102:8080/group1/M00/00/00/wKg4Zl8u1OmAIFy_AAI_TIG7AFM980.png",
			"size":	4547401,
			"type":	"png"
		}]
}
[2020-08-09 11:09:23]--[src/cgi/cgi_files.c:422]--buf = {"user":"123","token":"ca9c0fee0d38c3b8361f1ee1669b20ca"}
[2020-08-09 11:09:23]--[src/cgi/cgi_files.c:149]--line = 1
[2020-08-09 11:09:23]--[src/cgi/cgi_files.c:435]--user = 123, token = ca9c0fee0d38c3b8361f1ee1669b20ca, start = 0, count = 1
[2020-08-09 11:09:23]--[src/cgi/cgi_files.c:251]--select user_file_list.*, file_info.url, file_info.size, file_info.type from file_info, user_file_list where user = '123' and file_info.md5 = user_file_list.md5 select files...
[2020-08-09 11:09:23]--[src/cgi/cgi_files.c:349]--{
	"files":	[{
			"user":	"123",
			"md5":	"ed9920aacb64a5ee3e7d05843d543e13",
			"time":	"2020-08-08 12:38:03",
			"filename":	"2020-08-04_19-06.png",
			"share_status":	0,
			"pv":	0,
			"url":	"http://192.168.56.102:8080/group1/M00/00/00/wKg4Zl8u1OmAIFy_AAI_TIG7AFM980.png",
			"size":	4547401,
			"type":	"png"
		}]
}
[2020-08-09 11:13:56]--[src/cgi/cgi_files.c:422]--buf = {"user":"123","token":"ca9c0fee0d38c3b8361f1ee1669b20ca"}
[2020-08-09 11:13:56]--[src/cgi/cgi_files.c:149]--line = 1
[2020-08-09 11:13:56]--[src/cgi/cgi_files.c:435]--user = 123, token = ca9c0fee0d38c3b8361f1ee1669b20ca, start = 0, count = 1
[2020-08-09 11:13:56]--[src/cgi/cgi_files.c:251]--select user_file_list.*, file_info.url, file_info.size, file_info.type from file_info, user_file_list where user = '123' and file_info.md5 = user_file_list.md5 select files...
[2020-08-09 11:13:56]--[src/cgi/cgi_files.c:349]--{
	"files":	[{
			"user":	"123",
			"md5":	"ed9920aacb64a5ee3e7d05843d543e13",
			"time":	"2020-08-08 12:38:03",
			"filename":	"2020-08-04_19-06.png",
			"share_status":	0,
			"pv":	0,
			"url":	"http://192.168.56.102:8080/group1/M00/00/00/wKg4Zl8u1OmAIFy_AAI_TIG7AFM980.png",
			"size":	4547401,
			"type":	"png"
		}]
}
[2020-08-09 11:17:31]--[src/cgi/cgi_files.c:422]--buf = {"user":"123","token":"ca9c0fee0d38c3b8361f1ee1669b20ca"}
[2020-08-09 11:17:31]--[src/cgi/cgi_files.c:149]--line = 1
[2020-08-09 11:17:31]--[src/cgi/cgi_files.c:435]--user = 123, token = ca9c0fee0d38c3b8361f1ee1669b20ca, start = 0, count = 1
[2020-08-09 11:17:31]--[src/cgi/cgi_files.c:251]--select user_file_list.*, file_info.url, file_info.size, file_info.type from file_info, user_file_list where user = '123' and file_info.md5 = user_file_list.md5 select files...
[2020-08-09 11:17:31]--[src/cgi/cgi_files.c:349]--{
	"files":	[{
			"user":	"123",
			"md5":	"ed9920aacb64a5ee3e7d05843d543e13",
			"time":	"2020-08-08 12:38:03",
			"filename":	"2020-08-04_19-06.png",
			"share_status":	0,
			"pv":	0,
			"url":	"http://192.168.56.102:8080/group1/M00/00/00/wKg4Zl8u1OmAIFy_AAI_TIG7AFM980.png",
			"size":	4547401,
			"type":	"png"
		}]
}
[2020-08-09 11:20:18]--[src/cgi/cgi_files.c:422]--buf = {"user":"123","token":"ca9c0fee0d38c3b8361f1ee1669b20ca"}
[2020-08-09 11:20:18]--[src/cgi/cgi_files.c:149]--line = 1
[2020-08-09 11:20:18]--[src/cgi/cgi_files.c:435]--user = 123, token = ca9c0fee0d38c3b8361f1ee1669b20ca, start = 0, count = 1
[2020-08-09 11:20:18]--[src/cgi/cgi_files.c:251]--select user_file_list.*, file_info.url, file_info.size, file_info.type from file_info, user_file_list where user = '123' and file_info.md5 = user_file_list.md5 select files...
[2020-08-09 11:20:18]--[src/cgi/cgi_files.c:349]--{
	"files":	[{
			"user":	"123",
			"md5":	"ed9920aacb64a5ee3e7d05843d543e13",
			"time":	"2020-08-08 12:38:03",
			"filename":	"2020-08-04_19-06.png",
			"share_status":	0,
			"pv":	0,
			"url":	"http://192.168.56.102:8080/group1/M00/00/00/wKg4Zl8u1OmAIFy_AAI_TIG7AFM980.png",
			"size":	4547401,
			"type":	"png"
		}]
}
[2020-08-09 11:27:13]--[src/cgi/cgi_files.c:422]--buf = {"user":"123","token":"ca9c0fee0d38c3b8361f1ee1669b20ca"}
[2020-08-09 11:27:13]--[src/cgi/cgi_files.c:149]--line = 1
[2020-08-09 11:27:13]--[src/cgi/cgi_files.c:435]--user = 123, token = ca9c0fee0d38c3b8361f1ee1669b20ca, start = 0, count = 1
[2020-08-09 11:27:13]--[src/cgi/cgi_files.c:251]--select user_file_list.*, file_info.url, file_info.size, file_info.type from file_info, user_file_list where user = '123' and file_info.md5 = user_file_list.md5 select files...
[2020-08-09 11:27:13]--[src/cgi/cgi_files.c:349]--{
	"files":	[{
			"user":	"123",
			"md5":	"ed9920aacb64a5ee3e7d05843d543e13",
			"time":	"2020-08-08 12:38:03",
			"filename":	"2020-08-04_19-06.png",
			"share_status":	0,
			"pv":	0,
			"url":	"http://192.168.56.102:8080/group1/M00/00/00/wKg4Zl8u1OmAIFy_AAI_TIG7AFM980.png",
			"size":	4547401,
			"type":	"png"
		}]
}
[2020-08-09 11:38:34]--[src/cgi/cgi_files.c:422]--buf = {"user":"123","token":"ca9c0fee0d38c3b8361f1ee1669b20ca"}
[2020-08-09 11:38:35]--[src/cgi/cgi_files.c:149]--line = 1
[2020-08-09 11:38:35]--[src/cgi/cgi_files.c:435]--user = 123, token = ca9c0fee0d38c3b8361f1ee1669b20ca, start = 0, count = 1
[2020-08-09 11:38:35]--[src/cgi/cgi_files.c:251]--select user_file_list.*, file_info.url, file_info.size, file_info.type from file_info, user_file_list where user = '123' and file_info.md5 = user_file_list.md5 select files...
[2020-08-09 11:38:35]--[src/cgi/cgi_files.c:349]--{
	"files":	[{
			"user":	"123",
			"md5":	"ed9920aacb64a5ee3e7d05843d543e13",
			"time":	"2020-08-08 12:38:03",
			"filename":	"2020-08-04_19-06.png",
			"share_status":	0,
			"pv":	0,
			"url":	"http://192.168.56.102:8080/group1/M00/00/00/wKg4Zl8u1OmAIFy_AAI_TIG7AFM980.png",
			"size":	4547401,
			"type":	"png"
		}]
}
[2020-08-09 11:39:21]--[src/cgi/cgi_files.c:422]--buf = {"user":"123","token":"ca9c0fee0d38c3b8361f1ee1669b20ca"}
[2020-08-09 11:39:21]--[src/cgi/cgi_files.c:149]--line = 1
[2020-08-09 11:39:21]--[src/cgi/cgi_files.c:435]--user = 123, token = ca9c0fee0d38c3b8361f1ee1669b20ca, start = 0, count = 1
[2020-08-09 11:39:21]--[src/cgi/cgi_files.c:251]--select user_file_list.*, file_info.url, file_info.size, file_info.type from file_info, user_file_list where user = '123' and file_info.md5 = user_file_list.md5 select files...
[2020-08-09 11:39:21]--[src/cgi/cgi_files.c:349]--{
	"files":	[{
			"user":	"123",
			"md5":	"ed9920aacb64a5ee3e7d05843d543e13",
			"time":	"2020-08-08 12:38:03",
			"filename":	"2020-08-04_19-06.png",
			"share_status":	0,
			"pv":	0,
			"url":	"http://192.168.56.102:8080/group1/M00/00/00/wKg4Zl8u1OmAIFy_AAI_TIG7AFM980.png",
			"size":	4547401,
			"type":	"png"
		}]
}
[2020-08-09 11:46:52]--[src/cgi/cgi_files.c:422]--buf = {"user":"123","token":"ca9c0fee0d38c3b8361f1ee1669b20ca"}
[2020-08-09 11:46:52]--[src/cgi/cgi_files.c:149]--line = 1
[2020-08-09 11:46:52]--[src/cgi/cgi_files.c:435]--user = 123, token = ca9c0fee0d38c3b8361f1ee1669b20ca, start = 0, count = 1
[2020-08-09 11:46:52]--[src/cgi/cgi_files.c:251]--select user_file_list.*, file_info.url, file_info.size, file_info.type from file_info, user_file_list where user = '123' and file_info.md5 = user_file_list.md5 select files...
[2020-08-09 11:46:52]--[src/cgi/cgi_files.c:349]--{
	"files":	[{
			"user":	"123",
			"md5":	"ed9920aacb64a5ee3e7d05843d543e13",
			"time":	"2020-08-08 12:38:03",
			"filename":	"2020-08-04_19-06.png",
			"share_status":	0,
			"pv":	0,
			"url":	"http://192.168.56.102:8080/group1/M00/00/00/wKg4Zl8u1OmAIFy_AAI_TIG7AFM980.png",
			"size":	4547401,
			"type":	"png"
		}]
}
[2020-08-09 11:50:20]--[src/cgi/cgi_files.c:422]--buf = {"user":"123","token":"ca9c0fee0d38c3b8361f1ee1669b20ca"}
[2020-08-09 11:50:20]--[src/cgi/cgi_files.c:149]--line = 1
[2020-08-09 11:50:20]--[src/cgi/cgi_files.c:435]--user = 123, token = ca9c0fee0d38c3b8361f1ee1669b20ca, start = 0, count = 1
[2020-08-09 11:50:20]--[src/cgi/cgi_files.c:251]--select user_file_list.*, file_info.url, file_info.size, file_info.type from file_info, user_file_list where user = '123' and file_info.md5 = user_file_list.md5 select files...
[2020-08-09 11:50:20]--[src/cgi/cgi_files.c:349]--{
	"files":	[{
			"user":	"123",
			"md5":	"ed9920aacb64a5ee3e7d05843d543e13",
			"time":	"2020-08-08 12:38:03",
			"filename":	"2020-08-04_19-06.png",
			"share_status":	0,
			"pv":	0,
			"url":	"http://192.168.56.102:8080/group1/M00/00/00/wKg4Zl8u1OmAIFy_AAI_TIG7AFM980.png",
			"size":	4547401,
			"type":	"png"
		}]
}
[2020-08-09 11:51:57]--[src/cgi/cgi_files.c:422]--buf = {"user":"123","token":"ca9c0fee0d38c3b8361f1ee1669b20ca"}
[2020-08-09 11:51:57]--[src/cgi/cgi_files.c:149]--line = 1
[2020-08-09 11:51:57]--[src/cgi/cgi_files.c:435]--user = 123, token = ca9c0fee0d38c3b8361f1ee1669b20ca, start = 0, count = 1
[2020-08-09 11:51:57]--[src/cgi/cgi_files.c:251]--select user_file_list.*, file_info.url, file_info.size, file_info.type from file_info, user_file_list where user = '123' and file_info.md5 = user_file_list.md5 select files...
[2020-08-09 11:51:57]--[src/cgi/cgi_files.c:349]--{
	"files":	[{
			"user":	"123",
			"md5":	"ed9920aacb64a5ee3e7d05843d543e13",
			"time":	"2020-08-08 12:38:03",
			"filename":	"2020-08-04_19-06.png",
			"share_status":	0,
			"pv":	0,
			"url":	"http://192.168.56.102:8080/group1/M00/00/00/wKg4Zl8u1OmAIFy_AAI_TIG7AFM980.png",
			"size":	4547401,
			"type":	"png"
		}]
}
[2020-08-09 11:52:12]--[src/cgi/cgi_files.c:422]--buf = {"user":"123","token":"ca9c0fee0d38c3b8361f1ee1669b20ca"}
[2020-08-09 11:52:12]--[src/cgi/cgi_files.c:149]--line = 1
[2020-08-09 11:52:12]--[src/cgi/cgi_files.c:435]--user = 123, token = ca9c0fee0d38c3b8361f1ee1669b20ca, start = 0, count = 1
[2020-08-09 11:52:12]--[src/cgi/cgi_files.c:251]--select user_file_list.*, file_info.url, file_info.size, file_info.type from file_info, user_file_list where user = '123' and file_info.md5 = user_file_list.md5 select files...
[2020-08-09 11:52:12]--[src/cgi/cgi_files.c:349]--{
	"files":	[{
			"user":	"123",
			"md5":	"ed9920aacb64a5ee3e7d05843d543e13",
			"time":	"2020-08-08 12:38:03",
			"filename":	"2020-08-04_19-06.png",
			"share_status":	0,
			"pv":	0,
			"url":	"http://192.168.56.102:8080/group1/M00/00/00/wKg4Zl8u1OmAIFy_AAI_TIG7AFM980.png",
			"size":	4547401,
			"type":	"png"
		}]
}
[2020-08-09 11:53:03]--[src/cgi/cgi_files.c:422]--buf = {"user":"123","token":"ca9c0fee0d38c3b8361f1ee1669b20ca"}
[2020-08-09 11:53:04]--[src/cgi/cgi_files.c:149]--line = 1
[2020-08-09 11:53:04]--[src/cgi/cgi_files.c:435]--user = 123, token = ca9c0fee0d38c3b8361f1ee1669b20ca, start = 0, count = 1
[2020-08-09 11:53:04]--[src/cgi/cgi_files.c:251]--select user_file_list.*, file_info.url, file_info.size, file_info.type from file_info, user_file_list where user = '123' and file_info.md5 = user_file_list.md5 select files...
[2020-08-09 11:53:04]--[src/cgi/cgi_files.c:349]--{
	"files":	[{
			"user":	"123",
			"md5":	"ed9920aacb64a5ee3e7d05843d543e13",
			"time":	"2020-08-08 12:38:03",
			"filename":	"2020-08-04_19-06.png",
			"share_status":	0,
			"pv":	0,
			"url":	"http://192.168.56.102:8080/group1/M00/00/00/wKg4Zl8u1OmAIFy_AAI_TIG7AFM980.png",
			"size":	4547401,
			"type":	"png"
		}]
}
[2020-08-09 21:01:56]--[src/cgi/cgi_files.c:422]--buf = {"user":"123","token":"9d225139cf055af90abf148994f9383e"}
[2020-08-09 21:01:56]--[src/cgi/cgi_files.c:149]--line = 1
[2020-08-09 21:01:56]--[src/cgi/cgi_files.c:435]--user = 123, token = 9d225139cf055af90abf148994f9383e, start = 0, count = 1
[2020-08-09 21:01:56]--[src/cgi/cgi_files.c:251]--select user_file_list.*, file_info.url, file_info.size, file_info.type from file_info, user_file_list where user = '123' and file_info.md5 = user_file_list.md5 select files...
[2020-08-09 21:01:57]--[src/cgi/cgi_files.c:349]--{
	"files":	[{
			"user":	"123",
			"md5":	"ed9920aacb64a5ee3e7d05843d543e13",
			"time":	"2020-08-09 21:01:23",
			"filename":	"2020-08-04_19-06.png",
			"share_status":	0,
			"pv":	0,
			"url":	"http://192.168.56.102:8080/group1/M00/00/00/wKg4Zl8wnGOAfPwqAAI-4xTDbs8019.png",
			"size":	0,
			"type":	"png"
		}]
}
[2020-08-09 21:22:25]--[src/cgi/cgi_files.c:422]--buf = {"user":"123","token":"9d225139cf055af90abf148994f9383e"}
[2020-08-09 21:22:25]--[src/cgi/cgi_files.c:149]--line = 1
[2020-08-09 21:22:25]--[src/cgi/cgi_files.c:435]--user = 123, token = 9d225139cf055af90abf148994f9383e, start = 0, count = 1
[2020-08-09 21:22:25]--[src/cgi/cgi_files.c:251]--select user_file_list.*, file_info.url, file_info.size, file_info.type from file_info, user_file_list where user = '123' and file_info.md5 = user_file_list.md5 select files...
[2020-08-09 21:22:26]--[src/cgi/cgi_files.c:349]--{
	"files":	[{
			"user":	"123",
			"md5":	"ed9920aacb64a5ee3e7d05843d543e13",
			"time":	"2020-08-09 21:01:23",
			"filename":	"2020-08-04_19-06.png",
			"share_status":	0,
			"pv":	0,
			"url":	"http://192.168.56.102:8080/group1/M00/00/00/wKg4Zl8wnGOAfPwqAAI-4xTDbs8019.png",
			"size":	0,
			"type":	"png"
		}]
}
[2020-08-09 21:22:59]--[src/cgi/cgi_files.c:422]--buf = {"user":"123","token":"9d225139cf055af90abf148994f9383e"}
[2020-08-09 21:22:59]--[src/cgi/cgi_files.c:149]--line = 1
[2020-08-09 21:22:59]--[src/cgi/cgi_files.c:435]--user = 123, token = 9d225139cf055af90abf148994f9383e, start = 0, count = 1
[2020-08-09 21:22:59]--[src/cgi/cgi_files.c:251]--select user_file_list.*, file_info.url, file_info.size, file_info.type from file_info, user_file_list where user = '123' and file_info.md5 = user_file_list.md5 select files...
[2020-08-09 21:22:59]--[src/cgi/cgi_files.c:349]--{
	"files":	[{
			"user":	"123",
			"md5":	"ed9920aacb64a5ee3e7d05843d543e13",
			"time":	"2020-08-09 21:01:23",
			"filename":	"2020-08-04_19-06.png",
			"share_status":	0,
			"pv":	0,
			"url":	"http://192.168.56.102:8080/group1/M00/00/00/wKg4Zl8wnGOAfPwqAAI-4xTDbs8019.png",
			"size":	0,
			"type":	"png"
		}]
}
[2020-08-09 21:28:20]--[src/cgi/cgi_files.c:422]--buf = {"user":"123","token":"9d225139cf055af90abf148994f9383e"}
[2020-08-09 21:28:21]--[src/cgi/cgi_files.c:149]--line = 1
[2020-08-09 21:28:21]--[src/cgi/cgi_files.c:435]--user = 123, token = 9d225139cf055af90abf148994f9383e, start = 0, count = 1
[2020-08-09 21:28:21]--[src/cgi/cgi_files.c:251]--select user_file_list.*, file_info.url, file_info.size, file_info.type from file_info, user_file_list where user = '123' and file_info.md5 = user_file_list.md5 select files...
[2020-08-09 21:28:21]--[src/cgi/cgi_files.c:349]--{
	"files":	[{
			"user":	"123",
			"md5":	"ed9920aacb64a5ee3e7d05843d543e13",
			"time":	"2020-08-09 21:01:23",
			"filename":	"2020-08-04_19-06.png",
			"share_status":	0,
			"pv":	0,
			"url":	"http://192.168.56.102:8080/group1/M00/00/00/wKg4Zl8wnGOAfPwqAAI-4xTDbs8019.png",
			"size":	0,
			"type":	"png"
		}]
}
[2020-08-09 21:28:47]--[src/cgi/cgi_files.c:422]--buf = {"user":"123","token":"9d225139cf055af90abf148994f9383e"}
[2020-08-09 21:28:47]--[src/cgi/cgi_files.c:149]--line = 1
[2020-08-09 21:28:47]--[src/cgi/cgi_files.c:435]--user = 123, token = 9d225139cf055af90abf148994f9383e, start = 0, count = 1
[2020-08-09 21:28:47]--[src/cgi/cgi_files.c:251]--select user_file_list.*, file_info.url, file_info.size, file_info.type from file_info, user_file_list where user = '123' and file_info.md5 = user_file_list.md5 select files...
[2020-08-09 21:28:47]--[src/cgi/cgi_files.c:349]--{
	"files":	[{
			"user":	"123",
			"md5":	"ed9920aacb64a5ee3e7d05843d543e13",
			"time":	"2020-08-09 21:01:23",
			"filename":	"2020-08-04_19-06.png",
			"share_status":	0,
			"pv":	0,
			"url":	"http://192.168.56.102:8080/group1/M00/00/00/wKg4Zl8wnGOAfPwqAAI-4xTDbs8019.png",
			"size":	0,
			"type":	"png"
		}]
}
[2020-08-09 21:30:30]--[src/cgi/cgi_files.c:422]--buf = {"user":"123","token":"9d225139cf055af90abf148994f9383e"}
[2020-08-09 21:30:30]--[src/cgi/cgi_files.c:149]--line = 1
[2020-08-09 21:30:30]--[src/cgi/cgi_files.c:435]--user = 123, token = 9d225139cf055af90abf148994f9383e, start = 0, count = 1
[2020-08-09 21:30:30]--[src/cgi/cgi_files.c:251]--select user_file_list.*, file_info.url, file_info.size, file_info.type from file_info, user_file_list where user = '123' and file_info.md5 = user_file_list.md5 select files...
[2020-08-09 21:30:30]--[src/cgi/cgi_files.c:349]--{
	"files":	[{
			"user":	"123",
			"md5":	"ed9920aacb64a5ee3e7d05843d543e13",
			"time":	"2020-08-09 21:01:23",
			"filename":	"2020-08-04_19-06.png",
			"share_status":	0,
			"pv":	0,
			"url":	"http://192.168.56.102:8080/group1/M00/00/00/wKg4Zl8wnGOAfPwqAAI-4xTDbs8019.png",
			"size":	0,
			"type":	"png"
		}]
}
[2020-08-09 21:30:47]--[src/cgi/cgi_files.c:422]--buf = {"user":"123","token":"5797fd57d6524af964e9a5e0c7646e2d"}
[2020-08-09 21:30:47]--[src/cgi/cgi_files.c:149]--line = 1
[2020-08-09 21:30:47]--[src/cgi/cgi_files.c:435]--user = 123, token = 5797fd57d6524af964e9a5e0c7646e2d, start = 0, count = 1
[2020-08-09 21:30:47]--[src/cgi/cgi_files.c:251]--select user_file_list.*, file_info.url, file_info.size, file_info.type from file_info, user_file_list where user = '123' and file_info.md5 = user_file_list.md5 select files...
[2020-08-09 21:30:47]--[src/cgi/cgi_files.c:349]--{
	"files":	[{
			"user":	"123",
			"md5":	"ed9920aacb64a5ee3e7d05843d543e13",
			"time":	"2020-08-09 21:01:23",
			"filename":	"2020-08-04_19-06.png",
			"share_status":	0,
			"pv":	0,
			"url":	"http://192.168.56.102:8080/group1/M00/00/00/wKg4Zl8wnGOAfPwqAAI-4xTDbs8019.png",
			"size":	0,
			"type":	"png"
		}]
}
[2020-08-09 21:36:53]--[src/cgi/cgi_files.c:422]--buf = {"user":"123","token":"5797fd57d6524af964e9a5e0c7646e2d"}
[2020-08-09 21:36:53]--[src/cgi/cgi_files.c:149]--line = 1
[2020-08-09 21:36:53]--[src/cgi/cgi_files.c:435]--user = 123, token = 5797fd57d6524af964e9a5e0c7646e2d, start = 0, count = 1
[2020-08-09 21:36:54]--[src/cgi/cgi_files.c:251]--select user_file_list.*, file_info.url, file_info.size, file_info.type from file_info, user_file_list where user = '123' and file_info.md5 = user_file_list.md5 select files...
[2020-08-09 21:36:54]--[src/cgi/cgi_files.c:349]--{
	"files":	[{
			"user":	"123",
			"md5":	"ed9920aacb64a5ee3e7d05843d543e13",
			"time":	"2020-08-09 21:01:23",
			"filename":	"2020-08-04_19-06.png",
			"share_status":	0,
			"pv":	0,
			"url":	"http://192.168.56.102:8080/group1/M00/00/00/wKg4Zl8wnGOAfPwqAAI-4xTDbs8019.png",
			"size":	0,
			"type":	"png"
		}]
}
[2020-08-09 21:36:55]--[src/cgi/cgi_files.c:422]--buf = {"user":"123","token":"5797fd57d6524af964e9a5e0c7646e2d","md5":"ed9920aacb64a5ee3e7d05843d543e13","filename":"2020-08-04_19-06.png"}
[2020-08-09 21:36:56]--[src/cgi/cgi_files.c:149]--line = 1
[2020-08-09 21:36:56]--[src/cgi/cgi_files.c:435]--user = 123, token = 5797fd57d6524af964e9a5e0c7646e2d, start = 0, count = 1
[2020-08-09 21:36:56]--[src/cgi/cgi_files.c:251]--select user_file_list.*, file_info.url, file_info.size, file_info.type from file_info, user_file_list where user = '123' and file_info.md5 = user_file_list.md5 select files...
[2020-08-09 21:36:56]--[src/cgi/cgi_files.c:349]--{
	"files":	[{
			"user":	"123",
			"md5":	"ed9920aacb64a5ee3e7d05843d543e13",
			"time":	"2020-08-09 21:01:23",
			"filename":	"2020-08-04_19-06.png",
			"share_status":	0,
			"pv":	0,
			"url":	"http://192.168.56.102:8080/group1/M00/00/00/wKg4Zl8wnGOAfPwqAAI-4xTDbs8019.png",
			"size":	0,
			"type":	"png"
		}]
}
[2020-08-09 21:40:29]--[src/cgi/cgi_files.c:422]--buf = {"user":"123","token":"5797fd57d6524af964e9a5e0c7646e2d","md5":"ed9920aacb64a5ee3e7d05843d543e13","filename":"2020-08-04_19-06.png"}
[2020-08-09 21:40:29]--[src/cgi/cgi_files.c:149]--line = 1
[2020-08-09 21:40:29]--[src/cgi/cgi_files.c:435]--user = 123, token = 5797fd57d6524af964e9a5e0c7646e2d, start = 0, count = 1
[2020-08-09 21:40:29]--[src/cgi/cgi_files.c:251]--select user_file_list.*, file_info.url, file_info.size, file_info.type from file_info, user_file_list where user = '123' and file_info.md5 = user_file_list.md5 select files...
[2020-08-09 21:40:29]--[src/cgi/cgi_files.c:349]--{
	"files":	[{
			"user":	"123",
			"md5":	"ed9920aacb64a5ee3e7d05843d543e13",
			"time":	"2020-08-09 21:01:23",
			"filename":	"2020-08-04_19-06.png",
			"share_status":	0,
			"pv":	0,
			"url":	"http://192.168.56.102:8080/group1/M00/00/00/wKg4Zl8wnGOAfPwqAAI-4xTDbs8019.png",
			"size":	0,
			"type":	"png"
		}]
}
[2020-08-09 21:42:22]--[src/cgi/cgi_files.c:422]--buf = {"user":"123","token":"5797fd57d6524af964e9a5e0c7646e2d"}
[2020-08-09 21:42:23]--[src/cgi/cgi_files.c:149]--line = 1
[2020-08-09 21:42:23]--[src/cgi/cgi_files.c:435]--user = 123, token = 5797fd57d6524af964e9a5e0c7646e2d, start = 0, count = 1
[2020-08-09 21:42:23]--[src/cgi/cgi_files.c:251]--select user_file_list.*, file_info.url, file_info.size, file_info.type from file_info, user_file_list where user = '123' and file_info.md5 = user_file_list.md5 select files...
[2020-08-09 21:42:23]--[src/cgi/cgi_files.c:349]--{
	"files":	[{
			"user":	"123",
			"md5":	"ed9920aacb64a5ee3e7d05843d543e13",
			"time":	"2020-08-09 21:01:23",
			"filename":	"2020-08-04_19-06.png",
			"share_status":	0,
			"pv":	0,
			"url":	"http://192.168.56.102:8080/group1/M00/00/00/wKg4Zl8wnGOAfPwqAAI-4xTDbs8019.png",
			"size":	0,
			"type":	"png"
		}]
}
[2020-08-09 21:44:20]--[src/cgi/cgi_files.c:422]--buf = {"user":"123","token":"5797fd57d6524af964e9a5e0c7646e2d"}
[2020-08-09 21:44:20]--[src/cgi/cgi_files.c:138]--select count from user_file_count where user="123" mysql op failed
[2020-08-09 21:44:20]--[src/cgi/cgi_files.c:149]--line = 0
[2020-08-09 21:44:20]--[src/cgi/cgi_files.c:435]--user = 123, token = 5797fd57d6524af964e9a5e0c7646e2d, start = 0, count = 0
[2020-08-09 21:44:21]--[src/cgi/cgi_files.c:251]--select user_file_list.*, file_info.url, file_info.size, file_info.type from file_info, user_file_list where user = '123' and file_info.md5 = user_file_list.md5 select files...
[2020-08-09 21:44:21]--[src/cgi/cgi_files.c:272]--mysql_num_rows(res_set) failed：
[2020-08-09 21:46:06]--[src/cgi/cgi_files.c:422]--buf = {"user":"123","token":"5797fd57d6524af964e9a5e0c7646e2d"}
[2020-08-09 21:46:06]--[src/cgi/cgi_files.c:149]--line = 1
[2020-08-09 21:46:06]--[src/cgi/cgi_files.c:435]--user = 123, token = 5797fd57d6524af964e9a5e0c7646e2d, start = 0, count = 1
[2020-08-09 21:46:06]--[src/cgi/cgi_files.c:251]--select user_file_list.*, file_info.url, file_info.size, file_info.type from file_info, user_file_list where user = '123' and file_info.md5 = user_file_list.md5 select files...
[2020-08-09 21:46:06]--[src/cgi/cgi_files.c:349]--{
	"files":	[{
			"user":	"123",
			"md5":	"ed9920aacb64a5ee3e7d05843d543e13",
			"time":	"2020-08-09 21:46:04",
			"filename":	"2020-08-04_19-06.png",
			"share_status":	0,
			"pv":	0,
			"url":	"http://192.168.56.102:8080/group1/M00/00/00/wKg4Zl8wptuAbsRCAAI-4xTDbs8361.png",
			"size":	0,
			"type":	"png"
		}]
}
[2020-08-09 21:49:12]--[src/cgi/cgi_files.c:422]--buf = {"user":"123","token":"5797fd57d6524af964e9a5e0c7646e2d"}
[2020-08-09 21:49:12]--[src/cgi/cgi_files.c:149]--line = 1
[2020-08-09 21:49:12]--[src/cgi/cgi_files.c:435]--user = 123, token = 5797fd57d6524af964e9a5e0c7646e2d, start = 0, count = 1
[2020-08-09 21:49:12]--[src/cgi/cgi_files.c:251]--select user_file_list.*, file_info.url, file_info.size, file_info.type from file_info, user_file_list where user = '123' and file_info.md5 = user_file_list.md5 select files...
[2020-08-09 21:49:12]--[src/cgi/cgi_files.c:349]--{
	"files":	[{
			"user":	"123",
			"md5":	"a001914f96c168fde7748fa449c8af8f",
			"time":	"2020-08-09 21:49:10",
			"filename":	"aspencharge.png",
			"share_status":	0,
			"pv":	0,
			"url":	"http://192.168.56.102:8080/group1/M00/00/00/wKg4Zl8wp5aAVrEGAADkPH9wtRc808.png",
			"size":	0,
			"type":	"png"
		}]
}
[2020-08-09 21:49:25]--[src/cgi/cgi_files.c:422]--buf = {"user":"123","token":"5797fd57d6524af964e9a5e0c7646e2d"}
[2020-08-09 21:49:25]--[src/cgi/cgi_files.c:149]--line = 2
[2020-08-09 21:49:25]--[src/cgi/cgi_files.c:435]--user = 123, token = 5797fd57d6524af964e9a5e0c7646e2d, start = 0, count = 2
[2020-08-09 21:49:25]--[src/cgi/cgi_files.c:251]--select user_file_list.*, file_info.url, file_info.size, file_info.type from file_info, user_file_list where user = '123' and file_info.md5 = user_file_list.md5 select files...
[2020-08-09 21:49:25]--[src/cgi/cgi_files.c:349]--{
	"files":	[{
			"user":	"123",
			"md5":	"a001914f96c168fde7748fa449c8af8f",
			"time":	"2020-08-09 21:49:10",
			"filename":	"aspencharge.png",
			"share_status":	0,
			"pv":	0,
			"url":	"http://192.168.56.102:8080/group1/M00/00/00/wKg4Zl8wp5aAVrEGAADkPH9wtRc808.png",
			"size":	0,
			"type":	"png"
		}, {
			"user":	"123",
			"md5":	"ed9920aacb64a5ee3e7d05843d543e13",
			"time":	"2020-08-09 21:49:23",
			"filename":	"2020-08-04_19-06.png",
			"share_status":	0,
			"pv":	0,
			"url":	"http://192.168.56.102:8080/group1/M00/00/00/wKg4Zl8wp6OABtYQAAI-4xTDbs8628.png",
			"size":	0,
			"type":	"png"
		}]
}
[2020-08-09 21:59:47]--[src/cgi/cgi_files.c:422]--buf = {"user":"111","token":"aededdba65dcb3400622a924a3ff4521"}
[2020-08-09 21:59:47]--[src/cgi/cgi_files.c:138]--select count from user_file_count where user="111" mysql op failed
[2020-08-09 21:59:47]--[src/cgi/cgi_files.c:149]--line = 0
[2020-08-09 21:59:47]--[src/cgi/cgi_files.c:435]--user = 111, token = aededdba65dcb3400622a924a3ff4521, start = 0, count = 0
[2020-08-09 21:59:47]--[src/cgi/cgi_files.c:251]--select user_file_list.*, file_info.url, file_info.size, file_info.type from file_info, user_file_list where user = '111' and file_info.md5 = user_file_list.md5 select files...
[2020-08-09 21:59:47]--[src/cgi/cgi_files.c:272]--mysql_num_rows(res_set) failed：
[2020-08-09 21:59:55]--[src/cgi/cgi_files.c:422]--buf = {"user":"111","token":"aededdba65dcb3400622a924a3ff4521"}
[2020-08-09 21:59:55]--[src/cgi/cgi_files.c:138]--select count from user_file_count where user="111" mysql op failed
[2020-08-09 21:59:55]--[src/cgi/cgi_files.c:149]--line = 0
[2020-08-09 21:59:55]--[src/cgi/cgi_files.c:435]--user = 111, token = aededdba65dcb3400622a924a3ff4521, start = 0, count = 0
[2020-08-09 21:59:55]--[src/cgi/cgi_files.c:251]--select user_file_list.*, file_info.url, file_info.size, file_info.type from file_info, user_file_list where user = '111' and file_info.md5 = user_file_list.md5 select files...
[2020-08-09 21:59:55]--[src/cgi/cgi_files.c:272]--mysql_num_rows(res_set) failed：
[2020-08-09 22:32:26]--[src/cgi/cgi_files.c:422]--buf = {"user":"111","token":"aededdba65dcb3400622a924a3ff4521"}
[2020-08-09 22:32:26]--[src/cgi/cgi_files.c:149]--line = 3
[2020-08-09 22:32:26]--[src/cgi/cgi_files.c:435]--user = 111, token = aededdba65dcb3400622a924a3ff4521, start = 0, count = 3
[2020-08-09 22:32:26]--[src/cgi/cgi_files.c:251]--select user_file_list.*, file_info.url, file_info.size, file_info.type from file_info, user_file_list where user = '111' and file_info.md5 = user_file_list.md5 select files...
[2020-08-09 22:32:26]--[src/cgi/cgi_files.c:349]--{
	"files":	[{
			"user":	"111",
			"md5":	"ed9920aacb64a5ee3e7d05843d543e13",
			"time":	"2020-08-09 22:17:07",
			"filename":	"2020-08-04_19-06.png",
			"share_status":	0,
			"pv":	0,
			"url":	"http://192.168.56.102:8080/group1/M00/00/00/wKg4Zl8wp6OABtYQAAI-4xTDbs8628.png",
			"size":	0,
			"type":	"png"
		}, {
			"user":	"111",
			"md5":	"a001914f96c168fde7748fa449c8af8f",
			"time":	"2020-08-09 22:26:31",
			"filename":	"aspencharge.png",
			"share_status":	0,
			"pv":	0,
			"url":	"http://192.168.56.102:8080/group1/M00/00/00/wKg4Zl8wp5aAVrEGAADkPH9wtRc808.png",
			"size":	0,
			"type":	"png"
		}, {
			"user":	"111",
			"md5":	"f8e622ed7d7888fe3f349c2ed9c2d68d",
			"time":	"2020-08-09 22:31:31",
			"filename":	"checkpoint.png",
			"share_status":	0,
			"pv":	0,
			"url":	"http://192.168.56.102:8080/group1/M00/00/00/wKg4Zl8wsYOAc4G9AADIWuUDEnE686.png",
			"size":	0,
			"type":	"png"
		}]
}
[2020-08-09 22:32:38]--[src/cgi/cgi_files.c:422]--buf = {"user":"111","token":"aededdba65dcb3400622a924a3ff4521"}
[2020-08-09 22:32:38]--[src/cgi/cgi_files.c:149]--line = 3
[2020-08-09 22:32:38]--[src/cgi/cgi_files.c:435]--user = 111, token = aededdba65dcb3400622a924a3ff4521, start = 0, count = 3
[2020-08-09 22:32:38]--[src/cgi/cgi_files.c:251]--select user_file_list.*, file_info.url, file_info.size, file_info.type from file_info, user_file_list where user = '111' and file_info.md5 = user_file_list.md5 select files...
[2020-08-09 22:32:38]--[src/cgi/cgi_files.c:349]--{
	"files":	[{
			"user":	"111",
			"md5":	"ed9920aacb64a5ee3e7d05843d543e13",
			"time":	"2020-08-09 22:17:07",
			"filename":	"2020-08-04_19-06.png",
			"share_status":	0,
			"pv":	0,
			"url":	"http://192.168.56.102:8080/group1/M00/00/00/wKg4Zl8wp6OABtYQAAI-4xTDbs8628.png",
			"size":	0,
			"type":	"png"
		}, {
			"user":	"111",
			"md5":	"a001914f96c168fde7748fa449c8af8f",
			"time":	"2020-08-09 22:26:31",
			"filename":	"aspencharge.png",
			"share_status":	0,
			"pv":	0,
			"url":	"http://192.168.56.102:8080/group1/M00/00/00/wKg4Zl8wp5aAVrEGAADkPH9wtRc808.png",
			"size":	0,
			"type":	"png"
		}, {
			"user":	"111",
			"md5":	"f8e622ed7d7888fe3f349c2ed9c2d68d",
			"time":	"2020-08-09 22:31:31",
			"filename":	"checkpoint.png",
			"share_status":	0,
			"pv":	0,
			"url":	"http://192.168.56.102:8080/group1/M00/00/00/wKg4Zl8wsYOAc4G9AADIWuUDEnE686.png",
			"size":	0,
			"type":	"png"
		}]
}
[2020-08-09 22:36:42]--[src/cgi/cgi_files.c:422]--buf = {"user":"123","token":"d1a0f80c896439a9df3fa087ab9ac1a9"}
[2020-08-09 22:36:42]--[src/cgi/cgi_files.c:149]--line = 2
[2020-08-09 22:36:42]--[src/cgi/cgi_files.c:435]--user = 123, token = d1a0f80c896439a9df3fa087ab9ac1a9, start = 0, count = 2
[2020-08-09 22:36:42]--[src/cgi/cgi_files.c:251]--select user_file_list.*, file_info.url, file_info.size, file_info.type from file_info, user_file_list where user = '123' and file_info.md5 = user_file_list.md5 select files...
[2020-08-09 22:36:42]--[src/cgi/cgi_files.c:349]--{
	"files":	[{
			"user":	"123",
			"md5":	"a001914f96c168fde7748fa449c8af8f",
			"time":	"2020-08-09 21:49:10",
			"filename":	"aspencharge.png",
			"share_status":	0,
			"pv":	0,
			"url":	"http://192.168.56.102:8080/group1/M00/00/00/wKg4Zl8wp5aAVrEGAADkPH9wtRc808.png",
			"size":	0,
			"type":	"png"
		}, {
			"user":	"123",
			"md5":	"ed9920aacb64a5ee3e7d05843d543e13",
			"time":	"2020-08-09 21:49:23",
			"filename":	"2020-08-04_19-06.png",
			"share_status":	0,
			"pv":	0,
			"url":	"http://192.168.56.102:8080/group1/M00/00/00/wKg4Zl8wp6OABtYQAAI-4xTDbs8628.png",
			"size":	0,
			"type":	"png"
		}]
}
