[2020-08-05 17:00:31]--[src/cgi/cgi_register.c:216]--len = 0, No data from standard input
[2020-08-05 17:10:09]--[src/cgi/cgi_register.c:216]--len = 0, No data from standard input
[2020-08-05 17:13:39]--[src/cgi/cgi_register.c:229]--buf = username=123&nickname=123&phone=123&email=123%40com&date=2020-08-05
[2020-08-05 17:13:39]--[src/cgi/cgi_register.c:122]--mysql_user = root, mysql_pwd = root, mysql_db = disk
[2020-08-05 17:13:39]--[src/cgi/cgi_register.c:44]--cJSON_Parse err
[2020-08-05 17:14:15]--[src/cgi/cgi_register.c:229]--buf = username=123&nickname=123&phone=123&email=123%40com&date=2020-08-05
[2020-08-05 17:14:15]--[src/cgi/cgi_register.c:122]--mysql_user = root, mysql_pwd = root, mysql_db = disk
[2020-08-05 17:14:15]--[src/cgi/cgi_register.c:44]--cJSON_Parse err
[2020-08-05 17:16:08]--[src/cgi/cgi_register.c:229]--buf = username=123&nickname=123&nickname=123&phone=123&email=123%40com&date=2020-08-05
[2020-08-05 17:16:08]--[src/cgi/cgi_register.c:122]--mysql_user = root, mysql_pwd = root, mysql_db = disk
[2020-08-05 17:16:08]--[src/cgi/cgi_register.c:44]--cJSON_Parse err
[2020-08-05 17:34:57]--[src/cgi/cgi_register.c:229]--buf = username=123&nickname=123&nickname=123&phone=123&email=123%40com&date=2020-08-05
[2020-08-05 17:34:57]--[src/cgi/cgi_register.c:122]--mysql_user = root, mysql_pwd = root, mysql_db = disk
[2020-08-05 17:34:57]--[src/cgi/cgi_register.c:44]--cJSON_Parse err
[2020-08-05 17:35:03]--[src/cgi/cgi_register.c:216]--len = 0, No data from standard input
[2020-08-05 17:35:23]--[src/cgi/cgi_register.c:229]--buf = username=123&nickname=123&nickname=123&phone=123&email=123%40com&date=2020-08-05
[2020-08-05 17:35:23]--[src/cgi/cgi_register.c:122]--mysql_user = root, mysql_pwd = root, mysql_db = disk
[2020-08-05 17:35:23]--[src/cgi/cgi_register.c:44]--cJSON_Parse err
[2020-08-05 17:35:57]--[src/cgi/cgi_register.c:229]--buf = userName=123&nickName=123&firstPwd=123&phone=123&email=123%40com&date=2020-08-05
[2020-08-05 17:35:57]--[src/cgi/cgi_register.c:122]--mysql_user = root, mysql_pwd = root, mysql_db = disk
[2020-08-05 17:35:57]--[src/cgi/cgi_register.c:44]--cJSON_Parse err
[2020-08-05 17:37:17]--[src/cgi/cgi_register.c:229]--buf = userName=123&nickName=123&firstPwd=123&phone=123&email=123%40com
[2020-08-05 17:37:17]--[src/cgi/cgi_register.c:122]--mysql_user = root, mysql_pwd = root, mysql_db = disk
[2020-08-05 17:37:17]--[src/cgi/cgi_register.c:44]--cJSON_Parse err
[2020-08-05 17:40:58]--[src/cgi/cgi_register.c:229]--buf = userName=123&nickName=123&firstPwd=123&phone=123&email=123%40com
[2020-08-05 17:40:58]--[src/cgi/cgi_register.c:122]--mysql_user = root, mysql_pwd = root, mysql_db = disk
[2020-08-05 17:40:58]--[src/cgi/cgi_register.c:44]--cJSON_Parse err
[2020-08-05 17:43:21]--[src/cgi/cgi_register.c:229]--buf = userName=123&nickName=123&firstPwd=123&phone=123&email=123%40com
[2020-08-05 17:43:21]--[src/cgi/cgi_register.c:122]--mysql_user = root, mysql_pwd = root, mysql_db = disk
[2020-08-05 17:43:21]--[src/cgi/cgi_register.c:44]--cJSON_Parse err
[2020-08-05 18:07:13]--[src/cgi/cgi_register.c:229]--buf = userName=12&nickName=123&firstPwd=123&phone=123&email=123%40com
[2020-08-05 18:07:13]--[src/cgi/cgi_register.c:122]--mysql_user = root, mysql_pwd = root, mysql_db = disk
[2020-08-05 18:07:13]--[src/cgi/cgi_register.c:44]--cJSON_Parse err
[2020-08-05 18:18:42]--[src/cgi/cgi_register.c:229]--buf = userName=123&nickName=123&firstPwd=123&phone=123&email=123%40com
[2020-08-05 18:18:42]--[src/cgi/cgi_register.c:122]--mysql_user = root, mysql_pwd = root, mysql_db = disk
[2020-08-05 18:18:42]--[src/cgi/cgi_register.c:44]--cJSON_Parse err
[2020-08-05 18:29:27]--[src/cgi/cgi_register.c:229]--buf = []
[2020-08-05 18:29:27]--[src/cgi/cgi_register.c:122]--mysql_user = root, mysql_pwd = root, mysql_db = disk
[2020-08-05 18:29:27]--[src/cgi/cgi_register.c:53]--cJSON_GetObjectItem err
[2020-08-05 18:31:33]--[src/cgi/cgi_register.c:229]--buf = []
[2020-08-05 18:31:33]--[src/cgi/cgi_register.c:122]--mysql_user = root, mysql_pwd = root, mysql_db = disk
[2020-08-05 18:31:33]--[src/cgi/cgi_register.c:53]--cJSON_GetObjectItem err
[2020-08-05 18:31:57]--[src/cgi/cgi_register.c:229]--buf = []
[2020-08-05 18:31:57]--[src/cgi/cgi_register.c:122]--mysql_user = root, mysql_pwd = root, mysql_db = disk
[2020-08-05 18:31:57]--[src/cgi/cgi_register.c:53]--cJSON_GetObjectItem err
[2020-08-05 18:35:32]--[src/cgi/cgi_register.c:229]--buf = []
[2020-08-05 18:35:32]--[src/cgi/cgi_register.c:122]--mysql_user = root, mysql_pwd = root, mysql_db = disk
[2020-08-05 18:35:32]--[src/cgi/cgi_register.c:53]--cJSON_GetObjectItem err
[2020-08-05 18:38:47]--[src/cgi/cgi_register.c:216]--len = 0, No data from standard input
[2020-08-05 18:40:35]--[src/cgi/cgi_register.c:229]--buf = userName=123&nickName=123&firstPwd=123&phone=123&email=123%40com
[2020-08-05 18:40:35]--[src/cgi/cgi_register.c:122]--mysql_user = root, mysql_pwd = root, mysql_db = disk
[2020-08-05 18:40:35]--[src/cgi/cgi_register.c:44]--cJSON_Parse err
[2020-08-05 18:41:50]--[src/cgi/cgi_register.c:229]--buf = userName=123&nickName=123&firstPwd=123&phone=123&email=123%40com
[2020-08-05 18:41:50]--[src/cgi/cgi_register.c:122]--mysql_user = root, mysql_pwd = root, mysql_db = disk
[2020-08-05 18:41:50]--[src/cgi/cgi_register.c:44]--cJSON_Parse err
[2020-08-05 18:42:01]--[src/cgi/cgi_register.c:229]--buf = userName=123&nickName=123&firstPwd=123&phone=123&email=123%40com
[2020-08-05 18:42:01]--[src/cgi/cgi_register.c:122]--mysql_user = root, mysql_pwd = root, mysql_db = disk
[2020-08-05 18:42:01]--[src/cgi/cgi_register.c:44]--cJSON_Parse err
[2020-08-05 18:44:44]--[src/cgi/cgi_register.c:229]--buf = userName=123&nickName=123&firstPwd=123&phone=123&email=123%40com
[2020-08-05 18:44:44]--[src/cgi/cgi_register.c:122]--mysql_user = root, mysql_pwd = root, mysql_db = disk
[2020-08-05 18:44:44]--[src/cgi/cgi_register.c:44]--cJSON_Parse err
[2020-08-05 18:48:59]--[src/cgi/cgi_register.c:229]--buf = userName=123&nickName=123&firstPwd=123&phone=123&email=123%40com
[2020-08-05 18:48:59]--[src/cgi/cgi_register.c:122]--mysql_user = root, mysql_pwd = root, mysql_db = disk
[2020-08-05 18:48:59]--[src/cgi/cgi_register.c:44]--cJSON_Parse err
[2020-08-05 19:06:20]--[src/cgi/cgi_register.c:229]--buf = userName=123&nickName=123&firstPwd=123&phone=123&email=123%40com
[2020-08-05 19:06:20]--[src/cgi/cgi_register.c:122]--mysql_user = root, mysql_pwd = root, mysql_db = disk
[2020-08-05 19:06:20]--[src/cgi/cgi_register.c:44]--cJSON_Parse err
[2020-08-05 19:38:08]--[src/cgi/cgi_register.c:229]--buf = userName=123&nickName=123&firstPwd=123&phone=123&email=123%40com
[2020-08-05 19:38:08]--[src/cgi/cgi_register.c:122]--mysql_user = root, mysql_pwd = root, mysql_db = disk
[2020-08-05 19:38:08]--[src/cgi/cgi_register.c:44]--cJSON_Parse err
[2020-08-05 19:38:52]--[src/cgi/cgi_register.c:229]--buf = userName=123&nickName=123&firstPwd=123&phone=123&email=123%40com
[2020-08-05 19:38:52]--[src/cgi/cgi_register.c:122]--mysql_user = root, mysql_pwd = root, mysql_db = disk
[2020-08-05 19:38:52]--[src/cgi/cgi_register.c:44]--cJSON_Parse err
[2020-08-05 19:53:00]--[src/cgi/cgi_register.c:229]--buf = userName=123&nickName=123&firstPwd=123&phone=123&email=123%40com
[2020-08-05 19:53:00]--[src/cgi/cgi_register.c:122]--mysql_user = root, mysql_pwd = root, mysql_db = disk
[2020-08-05 19:53:00]--[src/cgi/cgi_register.c:44]--cJSON_Parse err
[2020-08-05 20:16:03]--[src/cgi/cgi_register.c:229]--buf = {"userName":"123","nickName":"123","firstPwd":"123","phone":"123","email":"123@com"}
[2020-08-05 20:16:03]--[src/cgi/cgi_register.c:122]--mysql_user = root, mysql_pwd = root, mysql_db = disk
[2020-08-05 20:16:03]--[src/cgi/cgi_register.c:136]--user = 123, nick_name = 123, pwd = 123, tel = 123, email = 123@com
[2020-08-05 20:16:05]--[src/cgi/cgi_register.c:185]--insert into user (name, nickname, password, phone, createtime, email) values ('123', '123', '123', '123', '2020-08-05 20:16:05', '123@com') 插入失败：Unknown column 'password' in 'field list'
[2020-08-05 20:39:10]--[src/cgi/cgi_register.c:229]--buf = userName=123&nickName=123&firstPwd=123&phone=123&email=123%40com
[2020-08-05 20:39:10]--[src/cgi/cgi_register.c:122]--mysql_user = root, mysql_pwd = root, mysql_db = disk
[2020-08-05 20:39:10]--[src/cgi/cgi_register.c:44]--cJSON_Parse err
[2020-08-05 20:41:27]--[src/cgi/cgi_register.c:229]--buf = userName=123&nickName=123&firstPwd=123&phone=123&email=123%40com
[2020-08-05 20:41:27]--[src/cgi/cgi_register.c:122]--mysql_user = root, mysql_pwd = root, mysql_db = disk
[2020-08-05 20:41:27]--[src/cgi/cgi_register.c:44]--cJSON_Parse err
[2020-08-05 21:10:23]--[src/cgi/cgi_register.c:229]--buf = userName=123&nickName=123&firstPwd=123&phone=123&email=123%40com
[2020-08-05 21:10:23]--[src/cgi/cgi_register.c:122]--mysql_user = root, mysql_pwd = root, mysql_db = disk
[2020-08-05 21:10:23]--[src/cgi/cgi_register.c:44]--cJSON_Parse err
[2020-08-05 21:10:31]--[src/cgi/cgi_register.c:229]--buf = userName=123&nickName=123&firstPwd=123&phone=123&email=123%40com
[2020-08-05 21:10:31]--[src/cgi/cgi_register.c:122]--mysql_user = root, mysql_pwd = root, mysql_db = disk
[2020-08-05 21:10:31]--[src/cgi/cgi_register.c:44]--cJSON_Parse err
[2020-08-05 21:11:04]--[src/cgi/cgi_register.c:229]--buf = userName=11&nickName=111&firstPwd=111&phone=111&email=111%40sss
[2020-08-05 21:11:04]--[src/cgi/cgi_register.c:122]--mysql_user = root, mysql_pwd = root, mysql_db = disk
[2020-08-05 21:11:04]--[src/cgi/cgi_register.c:44]--cJSON_Parse err
[2020-08-05 21:13:13]--[src/cgi/cgi_register.c:229]--buf = userName=1&nickName=111&firstPwd=1111&phone=111111&email=123%40com
[2020-08-05 21:13:13]--[src/cgi/cgi_register.c:122]--mysql_user = root, mysql_pwd = root, mysql_db = disk
[2020-08-05 21:13:13]--[src/cgi/cgi_register.c:44]--cJSON_Parse err
[2020-08-05 21:16:13]--[src/cgi/cgi_register.c:229]--buf = userName=11&nickName=1111&firstPwd=1111&phone=111111&email=123%40com
[2020-08-05 21:16:13]--[src/cgi/cgi_register.c:122]--mysql_user = root, mysql_pwd = root, mysql_db = disk
[2020-08-05 21:16:13]--[src/cgi/cgi_register.c:44]--cJSON_Parse err
[2020-08-05 21:17:50]--[src/cgi/cgi_register.c:229]--buf = userName=123&nickName=111&firstPwd=1111&phone=111111&email=111%40sss
[2020-08-05 21:17:50]--[src/cgi/cgi_register.c:122]--mysql_user = root, mysql_pwd = root, mysql_db = disk
[2020-08-05 21:17:50]--[src/cgi/cgi_register.c:44]--cJSON_Parse err
[2020-08-05 21:32:44]--[src/cgi/cgi_register.c:229]--buf = userName=123&nickName=123&firstPwd=123&phone=123&email=123%40com
[2020-08-05 21:32:44]--[src/cgi/cgi_register.c:122]--mysql_user = root, mysql_pwd = root, mysql_db = disk
[2020-08-05 21:32:44]--[src/cgi/cgi_register.c:44]--cJSON_Parse err
[2020-08-05 21:32:59]--[src/cgi/cgi_register.c:229]--buf = userName=123&nickName=123&firstPwd=123&phone=123&email=123%40com
[2020-08-05 21:32:59]--[src/cgi/cgi_register.c:122]--mysql_user = root, mysql_pwd = root, mysql_db = disk
[2020-08-05 21:32:59]--[src/cgi/cgi_register.c:44]--cJSON_Parse err
[2020-08-05 21:37:36]--[src/cgi/cgi_register.c:229]--buf = userName=111&nickName=111111111&firstPwd=111111111&phone=11111111&email=111%40sss
[2020-08-05 21:37:36]--[src/cgi/cgi_register.c:122]--mysql_user = root, mysql_pwd = root, mysql_db = disk
[2020-08-05 21:37:36]--[src/cgi/cgi_register.c:44]--cJSON_Parse err
[2020-08-05 21:38:13]--[src/cgi/cgi_register.c:229]--buf = userName=11&nickName=111&firstPwd=111&phone=1111&email=111%40sss
[2020-08-05 21:38:13]--[src/cgi/cgi_register.c:122]--mysql_user = root, mysql_pwd = root, mysql_db = disk
[2020-08-05 21:38:13]--[src/cgi/cgi_register.c:44]--cJSON_Parse err
[2020-08-05 21:39:15]--[src/cgi/cgi_register.c:229]--buf = userName=111&nickName=11111&firstPwd=1111&phone=111111111&email=111%40sss
[2020-08-05 21:39:15]--[src/cgi/cgi_register.c:122]--mysql_user = root, mysql_pwd = root, mysql_db = disk
[2020-08-05 21:39:15]--[src/cgi/cgi_register.c:44]--cJSON_Parse err
[2020-08-05 21:39:22]--[src/cgi/cgi_register.c:229]--buf = userName=111&nickName=11111&firstPwd=1111&phone=111111111&email=111%40sss
[2020-08-05 21:39:22]--[src/cgi/cgi_register.c:122]--mysql_user = root, mysql_pwd = root, mysql_db = disk
[2020-08-05 21:39:22]--[src/cgi/cgi_register.c:44]--cJSON_Parse err
[2020-08-05 21:39:22]--[src/cgi/cgi_register.c:229]--buf = userName=111&nickName=11111&firstPwd=1111&phone=111111111&email=111%40sss
[2020-08-05 21:39:22]--[src/cgi/cgi_register.c:122]--mysql_user = root, mysql_pwd = root, mysql_db = disk
[2020-08-05 21:39:22]--[src/cgi/cgi_register.c:44]--cJSON_Parse err
[2020-08-05 21:39:22]--[src/cgi/cgi_register.c:229]--buf = userName=111&nickName=11111&firstPwd=1111&phone=111111111&email=111%40sss
[2020-08-05 21:39:22]--[src/cgi/cgi_register.c:122]--mysql_user = root, mysql_pwd = root, mysql_db = disk
[2020-08-05 21:39:22]--[src/cgi/cgi_register.c:44]--cJSON_Parse err
[2020-08-05 21:39:22]--[src/cgi/cgi_register.c:229]--buf = userName=111&nickName=11111&firstPwd=1111&phone=111111111&email=111%40sss
[2020-08-05 21:39:22]--[src/cgi/cgi_register.c:122]--mysql_user = root, mysql_pwd = root, mysql_db = disk
[2020-08-05 21:39:22]--[src/cgi/cgi_register.c:44]--cJSON_Parse err
[2020-08-05 21:39:23]--[src/cgi/cgi_register.c:229]--buf = userName=111&nickName=11111&firstPwd=1111&phone=111111111&email=111%40sss
[2020-08-05 21:39:23]--[src/cgi/cgi_register.c:122]--mysql_user = root, mysql_pwd = root, mysql_db = disk
[2020-08-05 21:39:23]--[src/cgi/cgi_register.c:44]--cJSON_Parse err
[2020-08-05 21:39:23]--[src/cgi/cgi_register.c:229]--buf = userName=111&nickName=11111&firstPwd=1111&phone=111111111&email=111%40sss
[2020-08-05 21:39:23]--[src/cgi/cgi_register.c:122]--mysql_user = root, mysql_pwd = root, mysql_db = disk
[2020-08-05 21:39:23]--[src/cgi/cgi_register.c:44]--cJSON_Parse err
[2020-08-05 21:41:05]--[src/cgi/cgi_register.c:229]--buf = userName=111&nickName=11111&firstPwd=1111&phone=111111&email=111%40sss
[2020-08-05 21:41:05]--[src/cgi/cgi_register.c:122]--mysql_user = root, mysql_pwd = root, mysql_db = disk
[2020-08-05 21:41:05]--[src/cgi/cgi_register.c:44]--cJSON_Parse err
[2020-08-05 21:47:29]--[src/cgi/cgi_register.c:229]--buf = userName=111&nickName=11111&firstPwd=1111&phone=111111&email=123%40com
[2020-08-05 21:47:29]--[src/cgi/cgi_register.c:122]--mysql_user = root, mysql_pwd = root, mysql_db = disk
[2020-08-05 21:47:29]--[src/cgi/cgi_register.c:44]--cJSON_Parse err
[2020-08-05 21:50:29]--[src/cgi/cgi_register.c:229]--buf = userName=111&nickName=11111&firstPwd=1111&phone=111111&email=123%40com
[2020-08-05 21:50:29]--[src/cgi/cgi_register.c:122]--mysql_user = root, mysql_pwd = root, mysql_db = disk
[2020-08-05 21:50:29]--[src/cgi/cgi_register.c:44]--cJSON_Parse err
[2020-08-05 21:56:06]--[src/cgi/cgi_register.c:229]--buf = userName=123&nickName=111&firstPwd=1111&phone=111&email=123%40com
[2020-08-05 21:56:06]--[src/cgi/cgi_register.c:122]--mysql_user = root, mysql_pwd = root, mysql_db = disk
[2020-08-05 21:56:06]--[src/cgi/cgi_register.c:44]--cJSON_Parse err
[2020-08-05 21:57:13]--[src/cgi/cgi_register.c:229]--buf = userName=111&nickName=11111&firstPwd=1111&phone=111111&email=111%40sss
[2020-08-05 21:57:13]--[src/cgi/cgi_register.c:122]--mysql_user = root, mysql_pwd = root, mysql_db = disk
[2020-08-05 21:57:13]--[src/cgi/cgi_register.c:44]--cJSON_Parse err
[2020-08-05 21:58:06]--[src/cgi/cgi_register.c:229]--buf = {"userName":"11","nickName":"111","firstPwd":"1111","phone":"111111","email":"111@sss"}
[2020-08-05 21:58:06]--[src/cgi/cgi_register.c:122]--mysql_user = root, mysql_pwd = root, mysql_db = disk
[2020-08-05 21:58:06]--[src/cgi/cgi_register.c:136]--user = 11, nick_name = 111, pwd = 1111, tel = 111111, email = 111@sss
[2020-08-05 21:58:07]--[src/cgi/cgi_register.c:185]--insert into user (name, nickname, password, phone, createtime, email) values ('11', '111', '1111', '111111', '2020-08-05 21:58:07', '111@sss') 插入失败：Unknown column 'password' in 'field list'
[2020-08-05 21:59:19]--[src/cgi/cgi_register.c:216]--len = 0, No data from standard input
[2020-08-05 22:02:28]--[src/cgi/cgi_register.c:229]--buf = userName=111&nickName=111&firstPwd=1111&phone=11111111&email=111%40sss
[2020-08-05 22:02:28]--[src/cgi/cgi_register.c:122]--mysql_user = root, mysql_pwd = root, mysql_db = disk
[2020-08-05 22:02:28]--[src/cgi/cgi_register.c:44]--cJSON_Parse err
[2020-08-05 22:06:35]--[src/cgi/cgi_register.c:229]--buf = userName=123&nickName=123&firstPwd=123&phone=123&email=123%40com
[2020-08-05 22:06:35]--[src/cgi/cgi_register.c:122]--mysql_user = root, mysql_pwd = root, mysql_db = disk
[2020-08-05 22:06:35]--[src/cgi/cgi_register.c:44]--cJSON_Parse err
[2020-08-05 22:08:50]--[src/cgi/cgi_register.c:229]--buf = userName=111&nickName=111&firstPwd=1111&phone=111111&email=123%40com
[2020-08-05 22:08:50]--[src/cgi/cgi_register.c:122]--mysql_user = root, mysql_pwd = root, mysql_db = disk
[2020-08-05 22:08:50]--[src/cgi/cgi_register.c:44]--cJSON_Parse err
[2020-08-05 22:10:09]--[src/cgi/cgi_register.c:229]--buf = userName=111&nickName=111&firstPwd=1111&phone=111111&email=111%40sss
[2020-08-05 22:10:09]--[src/cgi/cgi_register.c:122]--mysql_user = root, mysql_pwd = root, mysql_db = disk
[2020-08-05 22:10:09]--[src/cgi/cgi_register.c:44]--cJSON_Parse err
[2020-08-05 22:11:50]--[src/cgi/cgi_register.c:229]--buf = userName=111&nickName=111&firstPwd=1111&phone=111111&email=123%40com
[2020-08-05 22:11:50]--[src/cgi/cgi_register.c:122]--mysql_user = root, mysql_pwd = root, mysql_db = disk
[2020-08-05 22:11:50]--[src/cgi/cgi_register.c:44]--cJSON_Parse err
[2020-08-05 22:12:31]--[src/cgi/cgi_register.c:229]--buf = userName=111&nickName=111&firstPwd=1111&phone=111111&email=123%40com
[2020-08-05 22:12:31]--[src/cgi/cgi_register.c:122]--mysql_user = root, mysql_pwd = root, mysql_db = disk
[2020-08-05 22:12:31]--[src/cgi/cgi_register.c:44]--cJSON_Parse err
[2020-08-05 22:18:03]--[src/cgi/cgi_register.c:229]--buf = {"userName":"123","nickName":"111","firstPwd":"1111","phone":"111111","email":"111@sss"}
[2020-08-05 22:18:03]--[src/cgi/cgi_register.c:122]--mysql_user = root, mysql_pwd = root, mysql_db = disk
[2020-08-05 22:18:03]--[src/cgi/cgi_register.c:136]--user = 123, nick_name = 111, pwd = 1111, tel = 111111, email = 111@sss
[2020-08-05 22:18:03]--[src/cgi/cgi_register.c:185]--insert into user (name, nickname, password, phone, createtime, email) values ('123', '111', '1111', '111111', '2020-08-05 22:18:03', '111@sss') 插入失败：Unknown column 'password' in 'field list'
[2020-08-05 22:18:04]--[src/cgi/cgi_register.c:229]--buf = {"userName":"123","nickName":"111","firstPwd":"1111","phone":"111111","email":"111@sss"}
[2020-08-05 22:18:04]--[src/cgi/cgi_register.c:122]--mysql_user = root, mysql_pwd = root, mysql_db = disk
[2020-08-05 22:18:04]--[src/cgi/cgi_register.c:136]--user = 123, nick_name = 111, pwd = 1111, tel = 111111, email = 111@sss
[2020-08-05 22:18:04]--[src/cgi/cgi_register.c:185]--insert into user (name, nickname, password, phone, createtime, email) values ('123', '111', '1111', '111111', '2020-08-05 22:18:04', '111@sss') 插入失败：Unknown column 'password' in 'field list'
[2020-08-05 22:18:05]--[src/cgi/cgi_register.c:229]--buf = {"userName":"123","nickName":"111","firstPwd":"1111","phone":"111111","email":"111@sss"}
[2020-08-05 22:18:05]--[src/cgi/cgi_register.c:122]--mysql_user = root, mysql_pwd = root, mysql_db = disk
[2020-08-05 22:18:05]--[src/cgi/cgi_register.c:136]--user = 123, nick_name = 111, pwd = 1111, tel = 111111, email = 111@sss
[2020-08-05 22:18:05]--[src/cgi/cgi_register.c:185]--insert into user (name, nickname, password, phone, createtime, email) values ('123', '111', '1111', '111111', '2020-08-05 22:18:05', '111@sss') 插入失败：Unknown column 'password' in 'field list'
[2020-08-05 22:18:05]--[src/cgi/cgi_register.c:229]--buf = {"userName":"123","nickName":"111","firstPwd":"1111","phone":"111111","email":"111@sss"}
[2020-08-05 22:18:05]--[src/cgi/cgi_register.c:122]--mysql_user = root, mysql_pwd = root, mysql_db = disk
[2020-08-05 22:18:05]--[src/cgi/cgi_register.c:136]--user = 123, nick_name = 111, pwd = 1111, tel = 111111, email = 111@sss
[2020-08-05 22:18:05]--[src/cgi/cgi_register.c:185]--insert into user (name, nickname, password, phone, createtime, email) values ('123', '111', '1111', '111111', '2020-08-05 22:18:05', '111@sss') 插入失败：Unknown column 'password' in 'field list'
[2020-08-05 22:18:06]--[src/cgi/cgi_register.c:229]--buf = {"userName":"123","nickName":"111","firstPwd":"1111","phone":"111111","email":"111@sss"}
[2020-08-05 22:18:06]--[src/cgi/cgi_register.c:122]--mysql_user = root, mysql_pwd = root, mysql_db = disk
[2020-08-05 22:18:06]--[src/cgi/cgi_register.c:136]--user = 123, nick_name = 111, pwd = 1111, tel = 111111, email = 111@sss
[2020-08-05 22:18:06]--[src/cgi/cgi_register.c:185]--insert into user (name, nickname, password, phone, createtime, email) values ('123', '111', '1111', '111111', '2020-08-05 22:18:06', '111@sss') 插入失败：Unknown column 'password' in 'field list'
[2020-08-05 22:18:06]--[src/cgi/cgi_register.c:229]--buf = {"userName":"123","nickName":"111","firstPwd":"1111","phone":"111111","email":"111@sss"}
[2020-08-05 22:18:06]--[src/cgi/cgi_register.c:122]--mysql_user = root, mysql_pwd = root, mysql_db = disk
[2020-08-05 22:18:06]--[src/cgi/cgi_register.c:136]--user = 123, nick_name = 111, pwd = 1111, tel = 111111, email = 111@sss
[2020-08-05 22:18:06]--[src/cgi/cgi_register.c:185]--insert into user (name, nickname, password, phone, createtime, email) values ('123', '111', '1111', '111111', '2020-08-05 22:18:06', '111@sss') 插入失败：Unknown column 'password' in 'field list'
[2020-08-05 22:18:06]--[src/cgi/cgi_register.c:229]--buf = {"userName":"123","nickName":"111","firstPwd":"1111","phone":"111111","email":"111@sss"}
[2020-08-05 22:18:06]--[src/cgi/cgi_register.c:122]--mysql_user = root, mysql_pwd = root, mysql_db = disk
[2020-08-05 22:18:06]--[src/cgi/cgi_register.c:136]--user = 123, nick_name = 111, pwd = 1111, tel = 111111, email = 111@sss
[2020-08-05 22:18:06]--[src/cgi/cgi_register.c:185]--insert into user (name, nickname, password, phone, createtime, email) values ('123', '111', '1111', '111111', '2020-08-05 22:18:06', '111@sss') 插入失败：Unknown column 'password' in 'field list'
[2020-08-05 22:21:14]--[src/cgi/cgi_register.c:229]--buf = {"userName":"111","nickName":"111","firstPwd":"1111","phone":"111111","email":"111@sss"}
[2020-08-05 22:21:14]--[src/cgi/cgi_register.c:122]--mysql_user = root, mysql_pwd = root, mysql_db = disk
[2020-08-05 22:21:14]--[src/cgi/cgi_register.c:136]--user = 111, nick_name = 111, pwd = 1111, tel = 111111, email = 111@sss
[2020-08-05 22:21:14]--[src/cgi/cgi_register.c:185]--insert into user (name, nickname, password, phone, createtime, email) values ('111', '111', '1111', '111111', '2020-08-05 22:21:14', '111@sss') 插入失败：Unknown column 'password' in 'field list'
[2020-08-05 23:29:56]--[src/cgi/cgi_register.c:229]--buf = {"userName":"123","nickName":"123","firstPwd":"123","phone":"123","email":"123@com"}
[2020-08-05 23:29:56]--[src/cgi/cgi_register.c:122]--mysql_user = root, mysql_pwd = root, mysql_db = disk
[2020-08-05 23:29:56]--[src/cgi/cgi_register.c:136]--user = 123, nick_name = 123, pwd = 123, tel = 123, email = 123@com
