[2020-08-06 03:27:41]--[src/cgi/cgi_upload.c:43]--mysql:[user=root,pwd=root,database=disk][2020-08-06 03:30:30]--[src/cgi/cgi_upload.c:593]--get into loop
[2020-08-06 03:43:18]--[src/cgi/cgi_upload.c:43]--mysql:[user=root,pwd=root,database=disk][2020-08-06 03:43:47]--[src/cgi/cgi_upload.c:593]--get into loop
[2020-08-06 03:48:23]--[src/cgi/cgi_upload.c:44]--mysql:[user=root,pwd=root,database=disk]
[2020-08-06 03:48:33]--[src/cgi/cgi_upload.c:594]--get into loopa
[2020-08-06 03:48:33]--[src/cgi/cgi_upload.c:118]--boundary: [------WebKitFormBoundaryzmjp4d8SHhfgqoKa]
[2020-08-06 07:26:00]--[src/cgi/cgi_upload.c:44]--mysql:[user=root,pwd=root,database=disk]
[2020-08-06 07:26:19]--[src/cgi/cgi_upload.c:594]--get into loopa
[2020-08-06 07:26:19]--[src/cgi/cgi_upload.c:118]--boundary: [------WebKitFormBoundaryPi5zEZac1l8GNDsO]
[2020-08-06 07:27:18]--[src/cgi/cgi_upload.c:44]--mysql:[user=root,pwd=root,database=disk]
[2020-08-06 07:27:29]--[src/cgi/cgi_upload.c:594]--get into loopa
[2020-08-06 07:27:29]--[src/cgi/cgi_upload.c:118]--boundary: [------WebKitFormBoundaryuIF2IZhdoFAiN8yu]
[2020-08-06 07:48:38]--[src/cgi/cgi_upload.c:44]--mysql:[user=root,pwd=root,database=disk]
[2020-08-06 07:48:52]--[src/cgi/cgi_upload.c:118]--boundary: [------WebKitFormBoundarybwaBPDI9p0UUHUZm]
[2020-08-06 07:48:52]--[src/cgi/cgi_upload.c:139]--content_text: [Content-Disposition: form-data; name="file"; filename="aspencharge.png"]
[2020-08-06 07:50:33]--[src/cgi/cgi_upload.c:44]--mysql:[user=root,pwd=root,database=disk]
[2020-08-06 07:50:49]--[src/cgi/cgi_upload.c:118]--boundary: [------WebKitFormBoundary655VAUtTQiU8r1Sk]
[2020-08-06 07:50:49]--[src/cgi/cgi_upload.c:139]--content_text: [Content-Disposition: form-data; name="file"; filename="aspencharge.png"]
[2020-08-06 07:52:03]--[src/cgi/cgi_upload.c:44]--mysql:[user=root,pwd=root,database=disk]
[2020-08-06 07:52:13]--[src/cgi/cgi_upload.c:118]--boundary: [------WebKitFormBoundary8TLe9VjY2eecLfxm]
[2020-08-06 07:52:13]--[src/cgi/cgi_upload.c:139]--content_text: [Content-Disposition: form-data; name="file"; filename="aspencharge.png"]
[2020-08-06 07:54:40]--[src/cgi/cgi_upload.c:44]--mysql:[user=root,pwd=root,database=disk]
[2020-08-06 07:54:48]--[src/cgi/cgi_upload.c:118]--boundary: [------WebKitFormBoundaryq6BDacCj411AuI7j]
[2020-08-06 07:54:48]--[src/cgi/cgi_upload.c:139]--content_text: [Content-Disposition: form-data; name="file"; filename="aspencharge.png"]
[2020-08-06 07:55:08]--[src/cgi/cgi_upload.c:44]--mysql:[user=root,pwd=root,database=disk]
[2020-08-06 07:55:17]--[src/cgi/cgi_upload.c:118]--boundary: [------WebKitFormBoundaryALwAakCOHMHqoc3C]
[2020-08-06 07:55:17]--[src/cgi/cgi_upload.c:139]--content_text: [Content-Disposition: form-data; name="file"; filename="aspencharge.png"]
