[2020-08-07 18:25:13]--[src/cgi/cgi_upload.c:44]--mysql:[user=root,pwd=root,database=disk]
[2020-08-07 19:06:15]--[src/cgi/cgi_upload.c:118]--boundary: [------WebKitFormBoundaryOtgX4bB11HSGb5kn]
[2020-08-07 19:06:15]--[src/cgi/cgi_upload.c:140]--info: []
[2020-08-07 19:11:35]--[src/cgi/cgi_upload.c:44]--mysql:[user=root,pwd=root,database=disk]
[2020-08-07 19:11:42]--[src/cgi/cgi_upload.c:118]--boundary: [------WebKitFormBoundary4eOEXiQtamgDBpjt]
[2020-08-07 19:11:42]--[src/cgi/cgi_upload.c:141]--info: [] length: 0
[2020-08-07 19:14:23]--[src/cgi/cgi_upload.c:44]--mysql:[user=root,pwd=root,database=disk]
[2020-08-07 19:14:27]--[src/cgi/cgi_upload.c:118]--boundary: [------WebKitFormBoundaryoXA6ziRMQAOnVcqJ]
[2020-08-07 19:14:27]--[src/cgi/cgi_upload.c:141]--info: [Content-Type: image/png] length: 23
[2020-08-07 19:31:20]--[src/cgi/cgi_upload.c:44]--mysql:[user=root,pwd=root,database=disk]
[2020-08-07 19:31:24]--[src/cgi/cgi_upload.c:118]--boundary: [------WebKitFormBoundaryZu0TQzdVcj5Gv795]
[2020-08-07 19:31:24]--[src/cgi/cgi_upload.c:141]--info: [] length: 0
[2020-08-07 19:33:30]--[src/cgi/cgi_upload.c:44]--mysql:[user=root,pwd=root,database=disk]
[2020-08-07 19:33:34]--[src/cgi/cgi_upload.c:118]--boundary: [------WebKitFormBoundaryCASX79yDSTgzkN2K]
[2020-08-07 19:33:34]--[src/cgi/cgi_upload.c:139]--b7472067 b7472067[2020-08-07 19:33:34]--[src/cgi/cgi_upload.c:142]--info: [] length: 0
[2020-08-07 19:36:53]--[src/cgi/cgi_upload.c:44]--mysql:[user=root,pwd=root,database=disk]
[2020-08-07 19:36:59]--[src/cgi/cgi_upload.c:118]--boundary: [------WebKitFormBoundaryr7X42ohojqlDolxz]
[2020-08-07 19:36:59]--[src/cgi/cgi_upload.c:121]--bc402010 bc40203a
[2020-08-07 19:36:59]--[src/cgi/cgi_upload.c:124]--bc402010 bc402067
[2020-08-07 19:36:59]--[src/cgi/cgi_upload.c:134]--bc402067 bc402067
[2020-08-07 19:36:59]--[src/cgi/cgi_upload.c:142]--bc402067 bc402067[2020-08-07 19:36:59]--[src/cgi/cgi_upload.c:145]--info: [] length: 0
[2020-08-07 21:44:10]--[src/cgi/cgi_upload.c:44]--mysql:[user=root,pwd=root,database=disk]
[2020-08-07 21:44:25]--[src/cgi/cgi_upload.c:118]--boundary: [------WebKitFormBoundarypoRi1YcWY7pzEAgX]
[2020-08-07 21:44:25]--[src/cgi/cgi_upload.c:121]--3e99c010 3e99c03a
[2020-08-07 21:44:25]--[src/cgi/cgi_upload.c:125]--3e99c010 3e99c069
[2020-08-07 21:44:25]--[src/cgi/cgi_upload.c:135]--3e99c069 3e99c069
[2020-08-07 21:44:25]--[src/cgi/cgi_upload.c:143]--3e99c069 3e99c069
[2020-08-07 21:44:25]--[src/cgi/cgi_upload.c:146]--info: [] length: 0
[2020-08-07 21:59:55]--[src/cgi/cgi_upload.c:44]--mysql:[user=root,pwd=root,database=disk]
[2020-08-07 22:00:02]--[src/cgi/cgi_upload.c:118]--boundary: [------WebKitFormBoundaryBzBtQySDTmhnS3Kf]
[2020-08-07 22:00:02]--[src/cgi/cgi_upload.c:121]--7c703010 7c70303a
[2020-08-07 22:00:02]--[src/cgi/cgi_upload.c:125]--7c703010 7c703067
[2020-08-07 22:00:02]--[src/cgi/cgi_upload.c:142]--7c703067 7c703067
[2020-08-07 22:00:02]--[src/cgi/cgi_upload.c:145]--info: [] length: 0
[2020-08-07 22:01:46]--[src/cgi/cgi_upload.c:44]--mysql:[user=root,pwd=root,database=disk]
[2020-08-07 22:01:50]--[src/cgi/cgi_upload.c:118]--boundary: [------WebKitFormBoundaryiFvq9mu9PubiIPA6]
[2020-08-07 22:01:50]--[src/cgi/cgi_upload.c:121]--b04e0010 b04e003a
[2020-08-07 22:01:50]--[src/cgi/cgi_upload.c:125]--b04e0010 b04e0067
[2020-08-07 22:01:50]--[src/cgi/cgi_upload.c:137]--ERROR: get user & file info error...
[2020-08-07 22:17:25]--[src/cgi/cgi_upload.c:44]--mysql:[user=root,pwd=root,database=disk]
[2020-08-07 22:17:33]--[src/cgi/cgi_upload.c:118]--boundary: [------WebKitFormBoundaryhQ95KAaMB0neaD6h]
[2020-08-07 22:17:33]--[src/cgi/cgi_upload.c:121]--fb9d3010 fb9d303a
[2020-08-07 22:17:33]--[src/cgi/cgi_upload.c:125]--fb9d3010 fb9d3067
[2020-08-07 22:17:33]--[src/cgi/cgi_upload.c:138]--ERROR: get user & file info error...
[2020-08-07 22:18:39]--[src/cgi/cgi_upload.c:44]--mysql:[user=root,pwd=root,database=disk]
[2020-08-07 22:18:44]--[src/cgi/cgi_upload.c:118]--boundary: [------WebKitFormBoundaryAdJ2M23aZCIWRIm1]
[2020-08-07 22:18:44]--[src/cgi/cgi_upload.c:121]--4e94f010 4e94f03a
[2020-08-07 22:18:44]--[src/cgi/cgi_upload.c:125]--4e94f010 4e94f067
[2020-08-07 22:18:44]--[src/cgi/cgi_upload.c:138]--ERROR: get user & file info error...
[2020-08-07 22:19:44]--[src/cgi/cgi_upload.c:44]--mysql:[user=root,pwd=root,database=disk]
[2020-08-07 22:19:51]--[src/cgi/cgi_upload.c:118]--boundary: [------WebKitFormBoundarypZSjHZr5BFkrYiv4]
[2020-08-07 22:19:51]--[src/cgi/cgi_upload.c:121]--5a7f7010 5a7f703a
[2020-08-07 22:19:51]--[src/cgi/cgi_upload.c:125]--5a7f7010 5a7f7067
[2020-08-07 22:19:51]--[src/cgi/cgi_upload.c:144]--5a7f7067 5a7f7069
[2020-08-07 22:19:51]--[src/cgi/cgi_upload.c:147]--info: [
] length: 2
[2020-08-07 22:21:18]--[src/cgi/cgi_upload.c:44]--mysql:[user=root,pwd=root,database=disk]
[2020-08-07 22:21:22]--[src/cgi/cgi_upload.c:118]--boundary: [------WebKitFormBoundaryRVUsl8Aty4chGcw7]
[2020-08-07 22:21:22]--[src/cgi/cgi_upload.c:121]--5f65b010 5f65b03a
[2020-08-07 22:21:22]--[src/cgi/cgi_upload.c:125]--5f65b010 5f65b067
[2020-08-07 22:21:22]--[src/cgi/cgi_upload.c:141]--ERROR: get user & file info error...
[2020-08-07 22:24:26]--[src/cgi/cgi_upload.c:44]--mysql:[user=root,pwd=root,database=disk]
[2020-08-07 22:24:29]--[src/cgi/cgi_upload.c:118]--boundary: [------WebKitFormBoundarywp3fqeeEo6JHtByr]
[2020-08-07 22:24:29]--[src/cgi/cgi_upload.c:121]--19741010 1974103a
[2020-08-07 22:24:29]--[src/cgi/cgi_upload.c:125]--19741010 19741067
[2020-08-07 22:24:29]--[src/cgi/cgi_upload.c:146]--19741069 19741069
[2020-08-07 22:24:29]--[src/cgi/cgi_upload.c:149]--info: [] length: 0
