[2020-08-08 00:49:45]--[src/cgi/cgi_upload.c:44]--mysql:[user=root,pwd=root,database=disk]
[2020-08-08 00:49:57]--[src/cgi/cgi_upload.c:118]--boundary: [------WebKitFormBoundaryWFDoT9TPp1uh1cYc]
[2020-08-08 00:49:57]--[src/cgi/cgi_upload.c:121]--33fa0010 33fa003a
[2020-08-08 00:49:57]--[src/cgi/cgi_upload.c:125]--33fa0010 33fa0067
[2020-08-08 00:49:57]--[src/cgi/cgi_upload.c:146]--33fa0069 33fa0069
[2020-08-08 00:49:57]--[src/cgi/cgi_upload.c:149]--info: [] length: 0
[2020-08-08 00:50:30]--[src/cgi/cgi_upload.c:44]--mysql:[user=root,pwd=root,database=disk]
[2020-08-08 00:50:35]--[src/cgi/cgi_upload.c:118]--boundary: [------WebKitFormBoundarywIHKUcZrgDoleNod]
[2020-08-08 00:50:35]--[src/cgi/cgi_upload.c:121]--37e52010 37e5203a
[2020-08-08 00:50:35]--[src/cgi/cgi_upload.c:125]--37e52010 37e52067
[2020-08-08 00:50:35]--[src/cgi/cgi_upload.c:146]--37e52067 37e52067
[2020-08-08 00:50:35]--[src/cgi/cgi_upload.c:149]--info: [] length: 0
[2020-08-08 01:01:30]--[src/cgi/cgi_upload.c:44]--mysql:[user=root,pwd=root,database=disk]
[2020-08-08 01:01:37]--[src/cgi/cgi_upload.c:118]--boundary: [------WebKitFormBoundaryUn7x3WVvxQqDgE0U]
[2020-08-08 01:01:37]--[src/cgi/cgi_upload.c:121]--eb58d010 eb58d03a
[2020-08-08 01:01:37]--[src/cgi/cgi_upload.c:125]--eb58d010 eb58d067
[2020-08-08 01:01:37]--[src/cgi/cgi_upload.c:146]--eb58d067 eb58d067
[2020-08-08 01:01:37]--[src/cgi/cgi_upload.c:149]--info: [] length: 0
[2020-08-08 01:05:19]--[src/cgi/cgi_upload.c:44]--mysql:[user=root,pwd=root,database=disk]
[2020-08-08 01:05:25]--[src/cgi/cgi_upload.c:119]--boundary: [------WebKitFormBoundarylwdIIAxHv5uGBm1i]
[2020-08-08 01:05:25]--[src/cgi/cgi_upload.c:126]--1st content-text [Content-Disposition: form-data; name="info"]
[2020-08-08 01:05:25]--[src/cgi/cgi_upload.c:148]--c4441067 c4441067
[2020-08-08 01:05:25]--[src/cgi/cgi_upload.c:151]--info: [] length: 0
[2020-08-08 01:08:40]--[src/cgi/cgi_upload.c:44]--mysql:[user=root,pwd=root,database=disk]
[2020-08-08 01:08:44]--[src/cgi/cgi_upload.c:119]--boundary: [------WebKitFormBoundarywmNfPxABDFCBaDQJ]
[2020-08-08 01:08:44]--[src/cgi/cgi_upload.c:126]--1st content-text [Content-Disposition: form-data; name="info"]
[2020-08-08 01:08:44]--[src/cgi/cgi_upload.c:147]--1f65e069 1f65e069
[2020-08-08 01:08:44]--[src/cgi/cgi_upload.c:150]--info: [] length: 0
[2020-08-08 01:09:56]--[src/cgi/cgi_upload.c:44]--mysql:[user=root,pwd=root,database=disk]
[2020-08-08 01:10:00]--[src/cgi/cgi_upload.c:119]--boundary: [------WebKitFormBoundaryzG80tObXh61dAH3N]
[2020-08-08 01:10:00]--[src/cgi/cgi_upload.c:126]--1st content-text [Content-Disposition: form-data; name="info"]
[2020-08-08 01:10:00]--[src/cgi/cgi_upload.c:148]--5f07106b 5f071093
[2020-08-08 01:10:00]--[src/cgi/cgi_upload.c:151]--info: [------WebKitFormBoundaryzG80tObXh61dAH3N] length: 40
[2020-08-08 01:16:10]--[src/cgi/cgi_upload.c:44]--mysql:[user=root,pwd=root,database=disk]
[2020-08-08 01:16:15]--[src/cgi/cgi_upload.c:119]--boundary: [------WebKitFormBoundaryDmEBVClopOvx6NBZ]
[2020-08-08 01:16:15]--[src/cgi/cgi_upload.c:126]--1st content-text [Content-Disposition: form-data; name="info"]
[2020-08-08 01:16:15]--[src/cgi/cgi_upload.c:148]--info: []
[2020-08-08 01:18:28]--[src/cgi/cgi_upload.c:44]--mysql:[user=root,pwd=root,database=disk]
[2020-08-08 01:18:31]--[src/cgi/cgi_upload.c:119]--boundary: [------WebKitFormBoundaryuzv7gJ9BWP2x8UaK]
[2020-08-08 01:18:31]--[src/cgi/cgi_upload.c:126]--1st content-text [Content-Disposition: form-data; name="info"]
[2020-08-08 01:18:31]--[src/cgi/cgi_upload.c:148]--info: []
[2020-08-08 01:30:23]--[src/cgi/cgi_upload.c:44]--mysql:[user=root,pwd=root,database=disk]
[2020-08-08 01:30:26]--[src/cgi/cgi_upload.c:119]--boundary: [------WebKitFormBoundaryhACRkAIhAIgcv7JW]
[2020-08-08 01:30:26]--[src/cgi/cgi_upload.c:126]--1st content-text [Content-Disposition: form-data; name="info"]
[2020-08-08 01:30:26]--[src/cgi/cgi_upload.c:148]--info: []
[2020-08-08 01:30:52]--[src/cgi/cgi_upload.c:44]--mysql:[user=root,pwd=root,database=disk]
[2020-08-08 01:30:55]--[src/cgi/cgi_upload.c:119]--boundary: [------WebKitFormBoundaryP86k4a7GB7dO2bBk]
[2020-08-08 01:30:55]--[src/cgi/cgi_upload.c:126]--1st content-text [Content-Disposition: form-data; name="info"]
[2020-08-08 01:30:55]--[src/cgi/cgi_upload.c:148]--info: [

------]
[2020-08-08 01:31:27]--[src/cgi/cgi_upload.c:44]--mysql:[user=root,pwd=root,database=disk]
[2020-08-08 01:31:32]--[src/cgi/cgi_upload.c:119]--boundary: [------WebKitFormBoundaryvht3v2bSMZdjAWlf]
[2020-08-08 01:31:32]--[src/cgi/cgi_upload.c:126]--1st content-text [Content-Disposition: form-data; name="info"]
[2020-08-08 01:31:32]--[src/cgi/cgi_upload.c:148]--info: [

------WebKitForm]
[2020-08-08 01:34:14]--[src/cgi/cgi_upload.c:44]--mysql:[user=root,pwd=root,database=disk]
[2020-08-08 01:34:16]--[src/cgi/cgi_upload.c:119]--boundary: [------WebKitFormBoundaryOZexKQ1Q6A9ME6zg]
[2020-08-08 01:34:16]--[src/cgi/cgi_upload.c:126]--1st content-text [Content-Disposition: form-data; name="file"; filename="2020-08-04_19-06.png"]
[2020-08-08 01:34:16]--[src/cgi/cgi_upload.c:148]--info: [Content-Type: image/png

âPNG

]
[2020-08-08 01:44:11]--[src/cgi/cgi_upload.c:44]--mysql:[user=root,pwd=root,database=disk]
[2020-08-08 01:44:16]--[src/cgi/cgi_upload.c:119]--boundary: [------WebKitFormBoundary5nuSBME13PXuFjTs]
[2020-08-08 01:44:16]--[src/cgi/cgi_upload.c:126]--1st content-text [Content-Disposition: form-data; name="info"]
[2020-08-08 01:44:16]--[src/cgi/cgi_upload.c:148]--info: [
123
------WebKitF]
[2020-08-08 01:58:27]--[src/cgi/cgi_upload.c:44]--mysql:[user=root,pwd=root,database=disk]
[2020-08-08 01:58:33]--[src/cgi/cgi_upload.c:119]--boundary: [------WebKitFormBoundaryLjVctP7vYCap0bDo]
[2020-08-08 01:58:33]--[src/cgi/cgi_upload.c:126]--1st content-text [Content-Disposition: form-data; name="info"]
[2020-08-08 01:58:33]--[src/cgi/cgi_upload.c:148]--info: [123]
[2020-08-08 02:45:32]--[src/cgi/cgi_upload.c:44]--mysql:[user=root,pwd=root,database=disk]
[2020-08-08 02:45:39]--[src/cgi/cgi_upload.c:119]--boundary: [------WebKitFormBoundary0GmOh1trLL8o4Amo]
[2020-08-08 02:45:39]--[src/cgi/cgi_upload.c:126]--1st content-text [Content-Disposition: form-data; name="info"]
[2020-08-08 02:45:39]--[src/cgi/cgi_upload.c:148]--info: [123!@#2020-08-04_19-06.png!@#ed9920aacb64a5ee3e7d05843d543e13!@#147171]
[2020-08-08 12:23:02]--[src/cgi/cgi_upload.c:44]--mysql:[user=root,pwd=root,database=disk]
[2020-08-08 12:23:24]--[src/cgi/cgi_upload.c:119]--boundary: [------WebKitFormBoundary7h7M0Lx1Jys3bbl1]
[2020-08-08 12:23:24]--[src/cgi/cgi_upload.c:126]--1st content-text [Content-Disposition: form-data; name="info"]
[2020-08-08 12:23:24]--[src/cgi/cgi_upload.c:148]--info: [123!@#2020-08-04_19-06.png!@#ed9920aacb64a5ee3e7d05843d543e13!@#147171]
[2020-08-08 12:23:43]--[src/cgi/cgi_upload.c:44]--mysql:[user=root,pwd=root,database=disk]
[2020-08-08 12:24:23]--[src/cgi/cgi_upload.c:119]--boundary: [------WebKitFormBoundaryq1MnEiFrUz6IcXY4]
[2020-08-08 12:24:23]--[src/cgi/cgi_upload.c:126]--1st content-text [Content-Disposition: form-data; name="info"]
[2020-08-08 12:24:23]--[src/cgi/cgi_upload.c:148]--info: [123|2020-08-04_19-06.png|ed9920aacb64a5ee3e7d05843d543e13|147171]
[2020-08-08 12:25:42]--[src/cgi/cgi_upload.c:44]--mysql:[user=root,pwd=root,database=disk]
[2020-08-08 12:25:50]--[src/cgi/cgi_upload.c:119]--boundary: [------WebKitFormBoundaryiDW5WTwNY5RaIhF0]
[2020-08-08 12:25:50]--[src/cgi/cgi_upload.c:126]--1st content-text [Content-Disposition: form-data; name="info"]
[2020-08-08 12:25:50]--[src/cgi/cgi_upload.c:148]--info: [123|2020-08-04_19-06.png|ed9920aacb64a5ee3e7d05843d543e13|147171]
[2020-08-08 12:29:17]--[src/cgi/cgi_upload.c:44]--mysql:[user=root,pwd=root,database=disk]
[2020-08-08 12:29:20]--[src/cgi/cgi_upload.c:119]--boundary: [------WebKitFormBoundary0wKSwYA7c4I5i4CR]
[2020-08-08 12:29:20]--[src/cgi/cgi_upload.c:126]--1st content-text [Content-Disposition: form-data; name="info"]
[2020-08-08 12:29:20]--[src/cgi/cgi_upload.c:148]--info: [123|2020-08-04_19-06.png|ed9920aacb64a5ee3e7d05843d543e13|147171]
[2020-08-08 12:30:13]--[src/cgi/cgi_upload.c:44]--mysql:[user=root,pwd=root,database=disk]
[2020-08-08 12:30:17]--[src/cgi/cgi_upload.c:119]--boundary: [------WebKitFormBoundarySB6edMjv6UuRKVFt]
[2020-08-08 12:30:17]--[src/cgi/cgi_upload.c:126]--1st content-text [Content-Disposition: form-data; name="info"]
[2020-08-08 12:30:17]--[src/cgi/cgi_upload.c:148]--info: [123|2020-08-04_19-06.png|ed9920aacb64a5ee3e7d05843d543e13|147171]
[2020-08-08 12:30:17]--[src/cgi/cgi_upload.c:153]--info: [123]
[2020-08-08 12:35:04]--[src/cgi/cgi_upload.c:44]--mysql:[user=root,pwd=root,database=disk]
[2020-08-08 12:35:09]--[src/cgi/cgi_upload.c:119]--boundary: [------WebKitFormBoundaryUT7bWkhElIaoYNzd]
[2020-08-08 12:35:09]--[src/cgi/cgi_upload.c:126]--1st content-text [Content-Disposition: form-data; name="info"]
[2020-08-08 12:35:09]--[src/cgi/cgi_upload.c:148]--info: [123|2020-08-04_19-06.png|ed9920aacb64a5ee3e7d05843d543e13|147171]
[2020-08-08 12:35:09]--[src/cgi/cgi_upload.c:153]--info: [123]
[2020-08-08 12:36:20]--[src/cgi/cgi_upload.c:44]--mysql:[user=root,pwd=root,database=disk]
[2020-08-08 12:36:22]--[src/cgi/cgi_upload.c:119]--boundary: [------WebKitFormBoundaryVuS015cmqYZfwLbi]
[2020-08-08 12:36:22]--[src/cgi/cgi_upload.c:126]--1st content-text [Content-Disposition: form-data; name="info"]
[2020-08-08 12:36:22]--[src/cgi/cgi_upload.c:148]--info: [123|2020-08-04_19-06.png|ed9920aacb64a5ee3e7d05843d543e13|147171]
[2020-08-08 12:36:22]--[src/cgi/cgi_upload.c:153]--info: [123]
[2020-08-08 12:37:58]--[src/cgi/cgi_upload.c:44]--mysql:[user=root,pwd=root,database=disk]
[2020-08-08 12:38:01]--[src/cgi/cgi_upload.c:119]--boundary: [------WebKitFormBoundary32BlNQdZv0Fcmyyv]
[2020-08-08 12:38:01]--[src/cgi/cgi_upload.c:126]--1st content-text [Content-Disposition: form-data; name="info"]
[2020-08-08 12:38:01]--[src/cgi/cgi_upload.c:148]--info: [123|2020-08-04_19-06.png|ed9920aacb64a5ee3e7d05843d543e13|147171]
[2020-08-08 12:38:01]--[src/cgi/cgi_upload.c:153]--info: [123]
[2020-08-08 12:38:01]--[src/cgi/cgi_upload.c:156]--info: [2020-08-04_19-06.png]
[2020-08-08 12:38:01]--[src/cgi/cgi_upload.c:158]--info: [2020-08-04_19-06.png]
[2020-08-08 12:38:01]--[src/cgi/cgi_upload.c:162]--info: [ed9920aacb64a5ee3e7d05843d543e13]
[2020-08-08 12:38:01]--[src/cgi/cgi_upload.c:167]--info: [147171]
[2020-08-08 12:38:01]--[src/cgi/cgi_upload.c:169]--get user & file info complete...[2020-08-08 12:38:01]--[src/cgi/cgi_upload.c:670]--123ÊàêÂäü‰∏ä‰º†[2020-08-04_19-06.png, Â§ßÂ∞èÔºö4547401, md5Á†ÅÔºöed9920aacb64a5ee3e7d05843d543e13]Âà∞Êú¨Âú∞
[2020-08-08 12:38:01]--[src/cgi/cgi_upload.c:403]--get [group1/M00/00/00/wKg4Zl8u1OmAIFy_AAI_TIG7AFM980.png] succ!
[2020-08-08 12:38:01]--[src/cgi/cgi_upload.c:510]--file url is: http://192.168.56.102:8080/group1/M00/00/00/wKg4Zl8u1OmAIFy_AAI_TIG7AFM980.png
[2020-08-08 12:38:03]--[src/cgi/cgi_upload.c:566]--insert into file_info (md5, file_id, url, size, type, count) values ('ed9920aacb64a5ee3e7d05843d543e13', 'group1/M00/00/00/wKg4Zl8u1OmAIFy_AAI_TIG7AFM980.png', 'http://192.168.56.102:8080/group1/M00/00/00/wKg4Zl8u1OmAIFy_AAI_TIG7AFM980.png', '4547401', 'png', 1) Êñá‰ª∂‰ø°ÊÅØÊèíÂÖ•ÊàêÂäü
[2020-08-08 14:05:33]--[src/cgi/cgi_upload.c:44]--mysql:[user=root,pwd=root,database=disk]
[2020-08-08 14:05:41]--[src/cgi/cgi_upload.c:120]--boundary: [------WebKitFormBoundary5bNjHszl47QoWAG6]
[2020-08-08 14:05:41]--[src/cgi/cgi_upload.c:127]--1st content-text [Content-Disposition: form-data; name="info"]
[2020-08-08 14:05:41]--[src/cgi/cgi_upload.c:149]--info: [123|2020-08-04_19-06.png|ed9920aacb64a5ee3e7d05843d543e13|147171]
[2020-08-08 14:05:41]--[src/cgi/cgi_upload.c:154]--info: [123]
[2020-08-08 14:05:41]--[src/cgi/cgi_upload.c:157]--info: [2020-08-04_19-06.png]
[2020-08-08 14:05:41]--[src/cgi/cgi_upload.c:159]--info: [2020-08-04_19-06.png]
[2020-08-08 14:05:41]--[src/cgi/cgi_upload.c:163]--info: [ed9920aacb64a5ee3e7d05843d543e13]
[2020-08-08 14:05:41]--[src/cgi/cgi_upload.c:168]--info: [147171]
[2020-08-08 14:05:41]--[src/cgi/cgi_upload.c:170]--get user & file info complete...[2020-08-08 14:05:41]--[src/cgi/cgi_upload.c:299]--[------WebKitFormBoundary5bNjHszl47QoWAG6--
]
[2020-08-08 14:05:41]--[src/cgi/cgi_upload.c:674]--123ÊàêÂäü‰∏ä‰º†[2020-08-04_19-06.png, Â§ßÂ∞èÔºö-1, md5Á†ÅÔºöed9920aacb64a5ee3e7d05843d543e13]Âà∞Êú¨Âú∞
[2020-08-08 14:05:41]--[src/cgi/cgi_upload.c:407]--get [group1/M00/00/00/wKg4Zl8u6XWAFZBxAADkVSPmd2Y076.png] succ!
[2020-08-08 14:05:41]--[src/cgi/cgi_upload.c:514]--file url is: http://192.168.56.102:8080/group1/M00/00/00/wKg4Zl8u6XWAFZBxAADkVSPmd2Y076.png
[2020-08-08 14:05:42]--[src/cgi/cgi_upload.c:565]--insert into file_info (md5, file_id, url, size, type, count) values ('ed9920aacb64a5ee3e7d05843d543e13', 'group1/M00/00/00/wKg4Zl8u6XWAFZBxAADkVSPmd2Y076.png', 'http://192.168.56.102:8080/group1/M00/00/00/wKg4Zl8u6XWAFZBxAADkVSPmd2Y076.png', '-1', 'png', 1) ÊèíÂÖ•Â§±Ë¥•: Duplicate entry 'ed9920aacb64a5ee3e7d05843d543e13' for key 'file_info.PRIMARY'
[2020-08-08 14:18:06]--[src/cgi/cgi_upload.c:44]--mysql:[user=root,pwd=root,database=disk]
[2020-08-08 14:18:15]--[src/cgi/cgi_upload.c:120]--boundary: [------WebKitFormBoundaryVYnRXpBgM2Jha94Y]
[2020-08-08 14:18:15]--[src/cgi/cgi_upload.c:127]--1st content-text [Content-Disposition: form-data; name="info"]
[2020-08-08 14:18:15]--[src/cgi/cgi_upload.c:149]--info: [123|2020-08-04_19-06.png|ed9920aacb64a5ee3e7d05843d543e13|147171]
[2020-08-08 14:18:15]--[src/cgi/cgi_upload.c:154]--info: [123]
[2020-08-08 14:18:15]--[src/cgi/cgi_upload.c:157]--info: [2020-08-04_19-06.png]
[2020-08-08 14:18:15]--[src/cgi/cgi_upload.c:159]--info: [2020-08-04_19-06.png]
[2020-08-08 14:18:15]--[src/cgi/cgi_upload.c:163]--info: [ed9920aacb64a5ee3e7d05843d543e13]
[2020-08-08 14:18:15]--[src/cgi/cgi_upload.c:168]--info: [147171]
[2020-08-08 14:18:15]--[src/cgi/cgi_upload.c:171]--get user & file info complete...
[2020-08-08 14:18:15]--[src/cgi/cgi_upload.c:302]--[------WebKitFormBoundaryVYnRXpBgM2Jha94Y--
]
[2020-08-08 14:18:15]--[src/cgi/cgi_upload.c:677]--123ÊàêÂäü‰∏ä‰º†[2020-08-04_19-06.png, Â§ßÂ∞èÔºö-1, md5Á†ÅÔºöed9920aacb64a5ee3e7d05843d543e13]Âà∞Êú¨Âú∞
[2020-08-08 14:18:15]--[src/cgi/cgi_upload.c:410]--get [group1/M00/00/00/wKg4Zl8u7GeAX5nOAAI-4xTDbs8716.png] succ!
[2020-08-08 14:18:15]--[src/cgi/cgi_upload.c:517]--file url is: http://192.168.56.102:8080/group1/M00/00/00/wKg4Zl8u7GeAX5nOAAI-4xTDbs8716.png
[2020-08-08 14:18:16]--[src/cgi/cgi_upload.c:568]--insert into file_info (md5, file_id, url, size, type, count) values ('ed9920aacb64a5ee3e7d05843d543e13', 'group1/M00/00/00/wKg4Zl8u7GeAX5nOAAI-4xTDbs8716.png', 'http://192.168.56.102:8080/group1/M00/00/00/wKg4Zl8u7GeAX5nOAAI-4xTDbs8716.png', '-1', 'png', 1) ÊèíÂÖ•Â§±Ë¥•: Duplicate entry 'ed9920aacb64a5ee3e7d05843d543e13' for key 'file_info.PRIMARY'
[2020-08-08 17:14:35]--[src/cgi/cgi_upload.c:120]--boundary: [------WebKitFormBoundarysBBUlE1SdWtPj195]
[2020-08-08 17:14:35]--[src/cgi/cgi_upload.c:127]--1st content-text [Content-Disposition: form-data; name="info"]
[2020-08-08 17:14:35]--[src/cgi/cgi_upload.c:149]--info: [123|2020-08-04_19-06.png|ed9920aacb64a5ee3e7d05843d543e13|147171]
[2020-08-08 17:14:35]--[src/cgi/cgi_upload.c:154]--info: [123]
[2020-08-08 17:14:35]--[src/cgi/cgi_upload.c:157]--info: [2020-08-04_19-06.png]
[2020-08-08 17:14:35]--[src/cgi/cgi_upload.c:159]--info: [2020-08-04_19-06.png]
[2020-08-08 17:14:35]--[src/cgi/cgi_upload.c:163]--info: [ed9920aacb64a5ee3e7d05843d543e13]
[2020-08-08 17:14:35]--[src/cgi/cgi_upload.c:168]--info: [147171]
[2020-08-08 17:14:35]--[src/cgi/cgi_upload.c:171]--get user & file info complete...
[2020-08-08 17:14:35]--[src/cgi/cgi_upload.c:302]--[------WebKitFormBoundarysBBUlE1SdWtPj195--
]
[2020-08-08 17:14:35]--[src/cgi/cgi_upload.c:677]--123ÊàêÂäü‰∏ä‰º†[2020-08-04_19-06.png, Â§ßÂ∞èÔºö-1, md5Á†ÅÔºöed9920aacb64a5ee3e7d05843d543e13]Âà∞Êú¨Âú∞
[2020-08-08 17:14:35]--[src/cgi/cgi_upload.c:410]--get [group1/M00/00/00/wKg4Zl8vFbuAMxGGAADkPH9wtRc291.png] succ!
[2020-08-08 17:14:35]--[src/cgi/cgi_upload.c:517]--file url is: http://192.168.56.102:8080/group1/M00/00/00/wKg4Zl8vFbuAMxGGAADkPH9wtRc291.png
[2020-08-08 17:14:35]--[src/cgi/cgi_upload.c:568]--insert into file_info (md5, file_id, url, size, type, count) values ('ed9920aacb64a5ee3e7d05843d543e13', 'group1/M00/00/00/wKg4Zl8vFbuAMxGGAADkPH9wtRc291.png', 'http://192.168.56.102:8080/group1/M00/00/00/wKg4Zl8vFbuAMxGGAADkPH9wtRc291.png', '-1', 'png', 1) ÊèíÂÖ•Â§±Ë¥•: Duplicate entry 'ed9920aacb64a5ee3e7d05843d543e13' for key 'file_info.PRIMARY'
[2020-08-08 22:38:57]--[src/cgi/cgi_upload.c:120]--boundary: [------WebKitFormBoundaryR5Jof8B9e8tv016y]
[2020-08-08 22:38:57]--[src/cgi/cgi_upload.c:127]--1st content-text [Content-Disposition: form-data; name="info"]
[2020-08-08 22:38:57]--[src/cgi/cgi_upload.c:149]--info: [123|2020-08-04_19-06.png|ed9920aacb64a5ee3e7d05843d543e13|147171]
[2020-08-08 22:38:57]--[src/cgi/cgi_upload.c:154]--info: [123]
[2020-08-08 22:38:57]--[src/cgi/cgi_upload.c:157]--info: [2020-08-04_19-06.png]
[2020-08-08 22:38:57]--[src/cgi/cgi_upload.c:159]--info: [2020-08-04_19-06.png]
[2020-08-08 22:38:57]--[src/cgi/cgi_upload.c:163]--info: [ed9920aacb64a5ee3e7d05843d543e13]
[2020-08-08 22:38:57]--[src/cgi/cgi_upload.c:168]--info: [147171]
[2020-08-08 22:38:57]--[src/cgi/cgi_upload.c:171]--get user & file info complete...
[2020-08-08 22:38:57]--[src/cgi/cgi_upload.c:302]--[------WebKitFormBoundaryR5Jof8B9e8tv016y--
]
[2020-08-08 22:38:57]--[src/cgi/cgi_upload.c:677]--123ÊàêÂäü‰∏ä‰º†[2020-08-04_19-06.png, Â§ßÂ∞èÔºö-1, md5Á†ÅÔºöed9920aacb64a5ee3e7d05843d543e13]Âà∞Êú¨Âú∞
[2020-08-08 22:38:57]--[src/cgi/cgi_upload.c:410]--get [group1/M00/00/00/wKg4Zl8vYcGAauhhAAI-4xTDbs8673.png] succ!
[2020-08-08 22:38:57]--[src/cgi/cgi_upload.c:517]--file url is: http://192.168.56.102:8080/group1/M00/00/00/wKg4Zl8vYcGAauhhAAI-4xTDbs8673.png
[2020-08-08 22:38:58]--[src/cgi/cgi_upload.c:568]--insert into file_info (md5, file_id, url, size, type, count) values ('ed9920aacb64a5ee3e7d05843d543e13', 'group1/M00/00/00/wKg4Zl8vYcGAauhhAAI-4xTDbs8673.png', 'http://192.168.56.102:8080/group1/M00/00/00/wKg4Zl8vYcGAauhhAAI-4xTDbs8673.png', '-1', 'png', 1) ÊèíÂÖ•Â§±Ë¥•: Duplicate entry 'ed9920aacb64a5ee3e7d05843d543e13' for key 'file_info.PRIMARY'
